This is XeTeX, Version 3.141592653-2.6-0.999998 (TeX Live 2026) (preloaded format=xelatex 2026.5.8)  22 MAY 2026 15:31
entering extended mode
 restricted \write18 enabled.
 %&-line parsing enabled.
**index.tex
(./index.tex
LaTeX2e <2025-11-01>
L3 programming layer <2026-03-20>
(./krantz.cls
Document Class: krantz 2005/09/16 v1.4f Standard LaTeX document class
(c:/Users/friendly/AppData/Roaming/TinyTeX/texmf-dist/tex/latex/base/bk10.clo
File: bk10.clo 2025/01/22 v1.4n Standard LaTeX file (size option)
)
\trimheight=\dimen150
\trimwidth=\dimen151
\normaltextheight=\dimen152
\tempa=\dimen153
\tempdimen=\dimen154
\htrim=\dimen155
\vtrimtop=\dimen156
\vtrimbot=\dimen157
\ul@box=\box53
\ur@box=\box54
\ll@box=\box55
\lr@box=\box56
\@cipboxa=\box57
\@cipboxb=\box58
\@ciprulewidth=\dimen158
\c@part=\count271
\c@chapter=\count272
\c@section=\count273
\c@subsection=\count274
\c@subsubsection=\count275
\c@paragraph=\count276
\c@subparagraph=\count277
\secwd=\dimen159
\subsecwd=\dimen160
\subsubsecwd=\dimen161
\c@figure=\count278
\c@table=\count279
\abovecaptionskip=\skip49
\belowcaptionskip=\skip50
\c@numauthors=\count280
\section@toc@skip=\skip51
\SectionTOCWidth=\skip52
\subsection@toc@skip=\skip53
\SubSectionTOCWidth=\skip54
\subsubsection@toc@skip=\skip55
\SubSubSectionTOCWidth=\skip56
\paragraph@toc@skip=\skip57
\ParagraphTOCWidth=\skip58
\subparagraph@toc@skip=\skip59
\@AUonebox=\box59
\@AUtwobox=\box60
\@AUthreebox=\box61
\@AUfourbox=\box62
\@AUaffonebox=\box63
\@AUafftwobox=\box64
\@AUaffthreebox=\box65
\@AUafffourbox=\box66
\@finalAUboxfromone=\box67
\@finalAUboxfromtwo=\box68
\@finalAUboxfromthree=\box69
\@finalAUboxfromfour=\box70
\c@chaptocdepth=\count281
\bibindent=\dimen162
\tempbox=\box71
\nomenwidth=\dimen163
\@tablebox=\box72
\@tabletitlebox=\box73
\@tablewidth=\dimen164
\@tabletitlewidth=\dimen165
\max@tablewidth=\dimen166
\tempbox=\box74
\tempdimen=\dimen167
\tempbox=\box75
\notewidth=\dimen168
\wherebox=\box76
\wherewidth=\dimen169
\listtextleftmargin=\skip60
\listtextleftmarginii=\skip61
\listtextleftmarginiii=\skip62
\listtextrightmargin=\skip63
\listlabelleftskip=\skip64
\listlabelleftskipii=\skip65
\listlabelleftskipiii=\skip66
\abovelistskipi=\skip67
\belowlistskipi=\skip68
\abovelistskipii=\skip69
\belowlistskipii=\skip70
\abovelistskipiii=\skip71
\belowlistskipiii=\skip72
\labelsepi=\skip73
\labelsepii=\skip74
\labelsepiii=\skip75
\itemsepi=\skip76
\itemsepii=\skip77
\itemsepiii=\skip78
\enumdimwd=\dimen170
\enumdim=\dimen171
\concolwidth=\dimen172
\stempbox=\box77
) (c:/Users/friendly/AppData/Roaming/TinyTeX/texmf-dist/tex/latex/xcolor/xcolor.sty
Package: xcolor 2024/09/29 v3.02 LaTeX color extensions (UK)
 (c:/Users/friendly/AppData/Roaming/TinyTeX/texmf-dist/tex/latex/graphics-cfg/color.cfg
File: color.cfg 2016/01/02 v1.6 sample color configuration
)
Package xcolor Info: Driver file: xetex.def on input line 274.
 (c:/Users/friendly/AppData/Roaming/TinyTeX/texmf-dist/tex/latex/graphics-def/xetex.def
File: xetex.def 2025/11/01 v5.0p Graphics/color driver for xetex
) (c:/Users/friendly/AppData/Roaming/TinyTeX/texmf-dist/tex/latex/graphics/mathcolor.ltx)
Package xcolor Info: Model `cmy' substituted by `cmy0' on input line 1349.
Package xcolor Info: Model `RGB' extended on input line 1365.
Package xcolor Info: Model `HTML' substituted by `rgb' on input line 1367.
Package xcolor Info: Model `Hsb' substituted by `hsb' on input line 1368.
Package xcolor Info: Model `tHsb' substituted by `hsb' on input line 1369.
Package xcolor Info: Model `HSB' substituted by `hsb' on input line 1370.
Package xcolor Info: Model `Gray' substituted by `gray' on input line 1371.
Package xcolor Info: Model `wave' substituted by `hsb' on input line 1372.
) (c:/Users/friendly/AppData/Roaming/TinyTeX/texmf-dist/tex/latex/graphics/dvipsnam.def
File: dvipsnam.def 2016/06/17 v3.0m Driver-dependent file (DPC,SPQR)
) (c:/Users/friendly/AppData/Roaming/TinyTeX/texmf-dist/tex/latex/xcolor/svgnam.def
File: svgnam.def 2024/09/29 v3.02 Predefined colors according to SVG 1.1 (UK)
) (c:/Users/friendly/AppData/Roaming/TinyTeX/texmf-dist/tex/latex/xcolor/x11nam.def
File: x11nam.def 2024/09/29 v3.02 Predefined colors according to Unix/X11 (UK)
) (c:/Users/friendly/AppData/Roaming/TinyTeX/texmf-dist/tex/latex/amsmath/amsmath.sty
Package: amsmath 2025/07/09 v2.17z AMS math features
\@mathmargin=\skip79

For additional information on amsmath, use the `?' option.
(c:/Users/friendly/AppData/Roaming/TinyTeX/texmf-dist/tex/latex/amsmath/amstext.sty
Package: amstext 2024/11/17 v2.01 AMS text
 (c:/Users/friendly/AppData/Roaming/TinyTeX/texmf-dist/tex/latex/amsmath/amsgen.sty
File: amsgen.sty 1999/11/30 v2.0 generic functions
\@emptytoks=\toks17
\ex@=\dimen173
)) (c:/Users/friendly/AppData/Roaming/TinyTeX/texmf-dist/tex/latex/amsmath/amsbsy.sty
Package: amsbsy 1999/11/29 v1.2d Bold Symbols
\pmbraise@=\dimen174
) (c:/Users/friendly/AppData/Roaming/TinyTeX/texmf-dist/tex/latex/amsmath/amsopn.sty
Package: amsopn 2022/04/08 v2.04 operator names
)
\inf@bad=\count282
LaTeX Info: Redefining \frac on input line 233.
\uproot@=\count283
\leftroot@=\count284
LaTeX Info: Redefining \overline on input line 398.
LaTeX Info: Redefining \colon on input line 409.
\classnum@=\count285
\DOTSCASE@=\count286
LaTeX Info: Redefining \ldots on input line 495.
LaTeX Info: Redefining \dots on input line 498.
LaTeX Info: Redefining \cdots on input line 619.
\Mathstrutbox@=\box78
\strutbox@=\box79
LaTeX Info: Redefining \big on input line 721.
LaTeX Info: Redefining \Big on input line 722.
LaTeX Info: Redefining \bigg on input line 723.
LaTeX Info: Redefining \Bigg on input line 724.
\big@size=\dimen175
LaTeX Font Info:    Redeclaring font encoding OML on input line 742.
LaTeX Font Info:    Redeclaring font encoding OMS on input line 743.
\macc@depth=\count287
LaTeX Info: Redefining \bmod on input line 904.
LaTeX Info: Redefining \pmod on input line 909.
LaTeX Info: Redefining \smash on input line 939.
LaTeX Info: Redefining \relbar on input line 969.
LaTeX Info: Redefining \Relbar on input line 970.
\c@MaxMatrixCols=\count288
\dotsspace@=\muskip17
\c@parentequation=\count289
\dspbrk@lvl=\count290
\tag@help=\toks18
\row@=\count291
\column@=\count292
\maxfields@=\count293
\andhelp@=\toks19
\eqnshift@=\dimen176
\alignsep@=\dimen177
\tagshift@=\dimen178
\tagwidth@=\dimen179
\totwidth@=\dimen180
\lineht@=\dimen181
\@envbody=\toks20
\multlinegap=\skip80
\multlinetaggap=\skip81
\mathdisplay@stack=\toks21
LaTeX Info: Redefining \[ on input line 2950.
LaTeX Info: Redefining \] on input line 2951.
) (c:/Users/friendly/AppData/Roaming/TinyTeX/texmf-dist/tex/latex/amsfonts/amssymb.sty
Package: amssymb 2013/01/14 v3.01 AMS font symbols
 (c:/Users/friendly/AppData/Roaming/TinyTeX/texmf-dist/tex/latex/amsfonts/amsfonts.sty
Package: amsfonts 2013/01/14 v3.01 Basic AMSFonts support
\symAMSa=\mathgroup4
\symAMSb=\mathgroup5
LaTeX Font Info:    Redeclaring math symbol \hbar on input line 98.
LaTeX Font Info:    Overwriting math alphabet `\mathfrak' in version `bold'
(Font)                  U/euf/m/n --> U/euf/b/n on input line 106.
)) (c:/Users/friendly/AppData/Roaming/TinyTeX/texmf-dist/tex/generic/iftex/iftex.sty
Package: iftex 2024/12/12 v1.0g TeX engine tests
) (c:/Users/friendly/AppData/Roaming/TinyTeX/texmf-dist/tex/latex/unicode-math/unicode-math.sty (c:/Users/friendly/AppData/Roaming/TinyTeX/texmf-dist/tex/latex/l3kernel/expl3.sty
Package: expl3 2026-03-20 L3 programming layer (loader) 
 (c:/Users/friendly/AppData/Roaming/TinyTeX/texmf-dist/tex/latex/l3backend/l3backend-xetex.def
File: l3backend-xetex.def 2026-02-18 L3 backend support: XeTeX
\g__graphics_track_int=\count294
\g__pdfannot_backend_int=\count295
\g__pdfannot_backend_link_int=\count296
))
Package: unicode-math 2023/08/13 v0.8r Unicode maths in XeLaTeX and LuaLaTeX
 (c:/Users/friendly/AppData/Roaming/TinyTeX/texmf-dist/tex/latex/unicode-math/unicode-math-xetex.sty
Package: unicode-math-xetex 2023/08/13 v0.8r Unicode maths in XeLaTeX and LuaLaTeX
 (c:/Users/friendly/AppData/Roaming/TinyTeX/texmf-dist/tex/latex/l3packages/xparse/xparse.sty
Package: xparse 2025-10-09 L3 Experimental document command parser
) (c:/Users/friendly/AppData/Roaming/TinyTeX/texmf-dist/tex/latex/l3packages/l3keys2e/l3keys2e.sty
Package: l3keys2e 2025-10-09 LaTeX2e option processing using LaTeX3 keys
) (c:/Users/friendly/AppData/Roaming/TinyTeX/texmf-dist/tex/latex/fontspec/fontspec.sty
Package: fontspec 2025/09/29 v2.9g Font selection for XeLaTeX and LuaLaTeX
 (c:/Users/friendly/AppData/Roaming/TinyTeX/texmf-dist/tex/latex/fontspec/fontspec-xetex.sty
Package: fontspec-xetex 2025/09/29 v2.9g Font selection for XeLaTeX and LuaLaTeX
\l__fontspec_script_int=\count297
\l__fontspec_language_int=\count298
\l__fontspec_strnum_int=\count299
\l__fontspec_tmp_int=\count300
\l__fontspec_tmpa_int=\count301
\l__fontspec_tmpb_int=\count302
\l__fontspec_tmpc_int=\count303
\l__fontspec_em_int=\count304
\l__fontspec_emdef_int=\count305
\l__fontspec_strong_int=\count306
\l__fontspec_strongdef_int=\count307
\l__fontspec_tmpa_dim=\dimen182
\l__fontspec_tmpb_dim=\dimen183
\l__fontspec_tmpc_dim=\dimen184
 (c:/Users/friendly/AppData/Roaming/TinyTeX/texmf-dist/tex/latex/base/fontenc.sty
Package: fontenc 2025/07/18 v2.1d Standard LaTeX package
) (c:/Users/friendly/AppData/Roaming/TinyTeX/texmf-dist/tex/latex/fontspec/fontspec.cfg))) (c:/Users/friendly/AppData/Roaming/TinyTeX/texmf-dist/tex/latex/base/fix-cm.sty
Package: fix-cm 2020/11/24 v1.1t fixes to LaTeX
 (c:/Users/friendly/AppData/Roaming/TinyTeX/texmf-dist/tex/latex/base/ts1enc.def
File: ts1enc.def 2001/06/05 v3.0e (jk/car/fm) Standard LaTeX file
LaTeX Font Info:    Redeclaring font encoding TS1 on input line 47.
LaTeX Encoding Info:    Redeclaring text command \capitalcedilla (encoding TS1) on input line 49.
LaTeX Encoding Info:    Redeclaring text command \capitalogonek (encoding TS1) on input line 52.
LaTeX Encoding Info:    Redeclaring text command \capitalgrave (encoding TS1) on input line 55.
LaTeX Encoding Info:    Redeclaring text command \capitalacute (encoding TS1) on input line 56.
LaTeX Encoding Info:    Redeclaring text command \capitalcircumflex (encoding TS1) on input line 57.
LaTeX Encoding Info:    Redeclaring text command \capitaltilde (encoding TS1) on input line 58.
LaTeX Encoding Info:    Redeclaring text command \capitaldieresis (encoding TS1) on input line 59.
LaTeX Encoding Info:    Redeclaring text command \capitalhungarumlaut (encoding TS1) on input line 60.
LaTeX Encoding Info:    Redeclaring text command \capitalring (encoding TS1) on input line 61.
LaTeX Encoding Info:    Redeclaring text command \capitalcaron (encoding TS1) on input line 62.
LaTeX Encoding Info:    Redeclaring text command \capitalbreve (encoding TS1) on input line 63.
LaTeX Encoding Info:    Redeclaring text command \capitalmacron (encoding TS1) on input line 64.
LaTeX Encoding Info:    Redeclaring text command \capitaldotaccent (encoding TS1) on input line 65.
LaTeX Encoding Info:    Redeclaring text command \t (encoding TS1) on input line 66.
LaTeX Encoding Info:    Redeclaring text command \capitaltie (encoding TS1) on input line 67.
LaTeX Encoding Info:    Redeclaring text command \newtie (encoding TS1) on input line 68.
LaTeX Encoding Info:    Redeclaring text command \capitalnewtie (encoding TS1) on input line 69.
LaTeX Encoding Info:    Redeclaring text symbol \textcapitalcompwordmark (encoding TS1) on input line 70.
LaTeX Encoding Info:    Redeclaring text symbol \textascendercompwordmark (encoding TS1) on input line 71.
LaTeX Encoding Info:    Redeclaring text symbol \textquotestraightbase (encoding TS1) on input line 72.
LaTeX Encoding Info:    Redeclaring text symbol \textquotestraightdblbase (encoding TS1) on input line 73.
LaTeX Encoding Info:    Redeclaring text symbol \texttwelveudash (encoding TS1) on input line 74.
LaTeX Encoding Info:    Redeclaring text symbol \textthreequartersemdash (encoding TS1) on input line 75.
LaTeX Encoding Info:    Redeclaring text symbol \textleftarrow (encoding TS1) on input line 76.
LaTeX Encoding Info:    Redeclaring text symbol \textrightarrow (encoding TS1) on input line 77.
LaTeX Encoding Info:    Redeclaring text symbol \textblank (encoding TS1) on input line 78.
LaTeX Encoding Info:    Redeclaring text symbol \textdollar (encoding TS1) on input line 79.
LaTeX Encoding Info:    Redeclaring text symbol \textquotesingle (encoding TS1) on input line 80.
LaTeX Encoding Info:    Redeclaring text command \textasteriskcentered (encoding TS1) on input line 81.
LaTeX Encoding Info:    Redeclaring text symbol \textdblhyphen (encoding TS1) on input line 92.
LaTeX Encoding Info:    Redeclaring text symbol \textfractionsolidus (encoding TS1) on input line 93.
LaTeX Encoding Info:    Redeclaring text symbol \textzerooldstyle (encoding TS1) on input line 94.
LaTeX Encoding Info:    Redeclaring text symbol \textoneoldstyle (encoding TS1) on input line 95.
LaTeX Encoding Info:    Redeclaring text symbol \texttwooldstyle (encoding TS1) on input line 96.
LaTeX Encoding Info:    Redeclaring text symbol \textthreeoldstyle (encoding TS1) on input line 97.
LaTeX Encoding Info:    Redeclaring text symbol \textfouroldstyle (encoding TS1) on input line 98.
LaTeX Encoding Info:    Redeclaring text symbol \textfiveoldstyle (encoding TS1) on input line 99.
LaTeX Encoding Info:    Redeclaring text symbol \textsixoldstyle (encoding TS1) on input line 100.
LaTeX Encoding Info:    Redeclaring text symbol \textsevenoldstyle (encoding TS1) on input line 101.
LaTeX Encoding Info:    Redeclaring text symbol \texteightoldstyle (encoding TS1) on input line 102.
LaTeX Encoding Info:    Redeclaring text symbol \textnineoldstyle (encoding TS1) on input line 103.
LaTeX Encoding Info:    Redeclaring text symbol \textlangle (encoding TS1) on input line 104.
LaTeX Encoding Info:    Redeclaring text symbol \textminus (encoding TS1) on input line 105.
LaTeX Encoding Info:    Redeclaring text symbol \textrangle (encoding TS1) on input line 106.
LaTeX Encoding Info:    Redeclaring text symbol \textmho (encoding TS1) on input line 107.
LaTeX Encoding Info:    Redeclaring text symbol \textbigcircle (encoding TS1) on input line 108.
LaTeX Encoding Info:    Redeclaring text command \textcircled (encoding TS1) on input line 109.
LaTeX Encoding Info:    Redeclaring text symbol \textohm (encoding TS1) on input line 115.
LaTeX Encoding Info:    Redeclaring text symbol \textlbrackdbl (encoding TS1) on input line 116.
LaTeX Encoding Info:    Redeclaring text symbol \textrbrackdbl (encoding TS1) on input line 117.
LaTeX Encoding Info:    Redeclaring text symbol \textuparrow (encoding TS1) on input line 118.
LaTeX Encoding Info:    Redeclaring text symbol \textdownarrow (encoding TS1) on input line 119.
LaTeX Encoding Info:    Redeclaring text symbol \textasciigrave (encoding TS1) on input line 120.
LaTeX Encoding Info:    Redeclaring text symbol \textborn (encoding TS1) on input line 121.
LaTeX Encoding Info:    Redeclaring text symbol \textdivorced (encoding TS1) on input line 122.
LaTeX Encoding Info:    Redeclaring text symbol \textdied (encoding TS1) on input line 123.
LaTeX Encoding Info:    Redeclaring text symbol \textleaf (encoding TS1) on input line 124.
LaTeX Encoding Info:    Redeclaring text symbol \textmarried (encoding TS1) on input line 125.
LaTeX Encoding Info:    Redeclaring text symbol \textmusicalnote (encoding TS1) on input line 126.
LaTeX Encoding Info:    Redeclaring text symbol \texttildelow (encoding TS1) on input line 127.
LaTeX Encoding Info:    Redeclaring text symbol \textdblhyphenchar (encoding TS1) on input line 128.
LaTeX Encoding Info:    Redeclaring text symbol \textasciibreve (encoding TS1) on input line 129.
LaTeX Encoding Info:    Redeclaring text symbol \textasciicaron (encoding TS1) on input line 130.
LaTeX Encoding Info:    Redeclaring text symbol \textacutedbl (encoding TS1) on input line 131.
LaTeX Encoding Info:    Redeclaring text symbol \textgravedbl (encoding TS1) on input line 132.
LaTeX Encoding Info:    Redeclaring text symbol \textdagger (encoding TS1) on input line 133.
LaTeX Encoding Info:    Redeclaring text symbol \textdaggerdbl (encoding TS1) on input line 134.
LaTeX Encoding Info:    Redeclaring text symbol \textbardbl (encoding TS1) on input line 135.
LaTeX Encoding Info:    Redeclaring text symbol \textperthousand (encoding TS1) on input line 136.
LaTeX Encoding Info:    Redeclaring text symbol \textbullet (encoding TS1) on input line 137.
LaTeX Encoding Info:    Redeclaring text symbol \textcelsius (encoding TS1) on input line 138.
LaTeX Encoding Info:    Redeclaring text symbol \textdollaroldstyle (encoding TS1) on input line 139.
LaTeX Encoding Info:    Redeclaring text symbol \textcentoldstyle (encoding TS1) on input line 140.
LaTeX Encoding Info:    Redeclaring text symbol \textflorin (encoding TS1) on input line 141.
LaTeX Encoding Info:    Redeclaring text symbol \textcolonmonetary (encoding TS1) on input line 142.
LaTeX Encoding Info:    Redeclaring text symbol \textwon (encoding TS1) on input line 143.
LaTeX Encoding Info:    Redeclaring text symbol \textnaira (encoding TS1) on input line 144.
LaTeX Encoding Info:    Redeclaring text symbol \textguarani (encoding TS1) on input line 145.
LaTeX Encoding Info:    Redeclaring text symbol \textpeso (encoding TS1) on input line 146.
LaTeX Encoding Info:    Redeclaring text symbol \textlira (encoding TS1) on input line 147.
LaTeX Encoding Info:    Redeclaring text symbol \textrecipe (encoding TS1) on input line 148.
LaTeX Encoding Info:    Redeclaring text symbol \textinterrobang (encoding TS1) on input line 149.
LaTeX Encoding Info:    Redeclaring text symbol \textinterrobangdown (encoding TS1) on input line 150.
LaTeX Encoding Info:    Redeclaring text symbol \textdong (encoding TS1) on input line 151.
LaTeX Encoding Info:    Redeclaring text symbol \texttrademark (encoding TS1) on input line 152.
LaTeX Encoding Info:    Redeclaring text symbol \textpertenthousand (encoding TS1) on input line 153.
LaTeX Encoding Info:    Redeclaring text symbol \textpilcrow (encoding TS1) on input line 154.
LaTeX Encoding Info:    Redeclaring text symbol \textbaht (encoding TS1) on input line 155.
LaTeX Encoding Info:    Redeclaring text symbol \textnumero (encoding TS1) on input line 156.
LaTeX Encoding Info:    Redeclaring text symbol \textdiscount (encoding TS1) on input line 157.
LaTeX Encoding Info:    Redeclaring text symbol \textestimated (encoding TS1) on input line 158.
LaTeX Encoding Info:    Redeclaring text symbol \textopenbullet (encoding TS1) on input line 159.
LaTeX Encoding Info:    Redeclaring text symbol \textservicemark (encoding TS1) on input line 160.
LaTeX Encoding Info:    Redeclaring text symbol \textlquill (encoding TS1) on input line 161.
LaTeX Encoding Info:    Redeclaring text symbol \textrquill (encoding TS1) on input line 162.
LaTeX Encoding Info:    Redeclaring text symbol \textcent (encoding TS1) on input line 163.
LaTeX Encoding Info:    Redeclaring text symbol \textsterling (encoding TS1) on input line 164.
LaTeX Encoding Info:    Redeclaring text symbol \textcurrency (encoding TS1) on input line 165.
LaTeX Encoding Info:    Redeclaring text symbol \textyen (encoding TS1) on input line 166.
LaTeX Encoding Info:    Redeclaring text symbol \textbrokenbar (encoding TS1) on input line 167.
LaTeX Encoding Info:    Redeclaring text symbol \textsection (encoding TS1) on input line 168.
LaTeX Encoding Info:    Redeclaring text symbol \textasciidieresis (encoding TS1) on input line 169.
LaTeX Encoding Info:    Redeclaring text symbol \textcopyright (encoding TS1) on input line 170.
LaTeX Encoding Info:    Redeclaring text symbol \textordfeminine (encoding TS1) on input line 171.
LaTeX Encoding Info:    Redeclaring text symbol \textcopyleft (encoding TS1) on input line 172.
LaTeX Encoding Info:    Redeclaring text symbol \textlnot (encoding TS1) on input line 173.
LaTeX Encoding Info:    Redeclaring text symbol \textcircledP (encoding TS1) on input line 174.
LaTeX Encoding Info:    Redeclaring text symbol \textregistered (encoding TS1) on input line 175.
LaTeX Encoding Info:    Redeclaring text symbol \textasciimacron (encoding TS1) on input line 176.
LaTeX Encoding Info:    Redeclaring text symbol \textdegree (encoding TS1) on input line 177.
LaTeX Encoding Info:    Redeclaring text symbol \textpm (encoding TS1) on input line 178.
LaTeX Encoding Info:    Redeclaring text symbol \texttwosuperior (encoding TS1) on input line 179.
LaTeX Encoding Info:    Redeclaring text symbol \textthreesuperior (encoding TS1) on input line 180.
LaTeX Encoding Info:    Redeclaring text symbol \textasciiacute (encoding TS1) on input line 181.
LaTeX Encoding Info:    Redeclaring text symbol \textmu (encoding TS1) on input line 182.
LaTeX Encoding Info:    Redeclaring text symbol \textparagraph (encoding TS1) on input line 183.
LaTeX Encoding Info:    Redeclaring text symbol \textperiodcentered (encoding TS1) on input line 184.
LaTeX Encoding Info:    Redeclaring text symbol \textreferencemark (encoding TS1) on input line 185.
LaTeX Encoding Info:    Redeclaring text symbol \textonesuperior (encoding TS1) on input line 186.
LaTeX Encoding Info:    Redeclaring text symbol \textordmasculine (encoding TS1) on input line 187.
LaTeX Encoding Info:    Redeclaring text symbol \textsurd (encoding TS1) on input line 188.
LaTeX Encoding Info:    Redeclaring text symbol \textonequarter (encoding TS1) on input line 189.
LaTeX Encoding Info:    Redeclaring text symbol \textonehalf (encoding TS1) on input line 190.
LaTeX Encoding Info:    Redeclaring text symbol \textthreequarters (encoding TS1) on input line 191.
LaTeX Encoding Info:    Redeclaring text symbol \texteuro (encoding TS1) on input line 192.
LaTeX Encoding Info:    Redeclaring text symbol \texttimes (encoding TS1) on input line 193.
LaTeX Encoding Info:    Redeclaring text symbol \textdiv (encoding TS1) on input line 194.
))
\g__um_fam_int=\count308
\g__um_fonts_used_int=\count309
\l__um_primecount_int=\count310
\g__um_primekern_muskip=\muskip18
 (c:/Users/friendly/AppData/Roaming/TinyTeX/texmf-dist/tex/latex/unicode-math/unicode-math-table.tex))) (c:/Users/friendly/AppData/Roaming/TinyTeX/texmf-dist/tex/latex/lm/lmodern.sty
Package: lmodern 2015/05/01 v1.6.1 Latin Modern Fonts
LaTeX Font Info:    Overwriting symbol font `operators' in version `normal'
(Font)                  OT1/cmr/m/n --> OT1/lmr/m/n on input line 22.
LaTeX Font Info:    Overwriting symbol font `letters' in version `normal'
(Font)                  OML/cmm/m/it --> OML/lmm/m/it on input line 23.
LaTeX Font Info:    Overwriting symbol font `symbols' in version `normal'
(Font)                  OMS/cmsy/m/n --> OMS/lmsy/m/n on input line 24.
LaTeX Font Info:    Overwriting symbol font `largesymbols' in version `normal'
(Font)                  OMX/cmex/m/n --> OMX/lmex/m/n on input line 25.
LaTeX Font Info:    Overwriting symbol font `operators' in version `bold'
(Font)                  OT1/cmr/bx/n --> OT1/lmr/bx/n on input line 26.
LaTeX Font Info:    Overwriting symbol font `letters' in version `bold'
(Font)                  OML/cmm/b/it --> OML/lmm/b/it on input line 27.
LaTeX Font Info:    Overwriting symbol font `symbols' in version `bold'
(Font)                  OMS/cmsy/b/n --> OMS/lmsy/b/n on input line 28.
LaTeX Font Info:    Overwriting symbol font `largesymbols' in version `bold'
(Font)                  OMX/cmex/m/n --> OMX/lmex/m/n on input line 29.
LaTeX Font Info:    Overwriting math alphabet `\mathbf' in version `normal'
(Font)                  OT1/cmr/bx/n --> OT1/lmr/bx/n on input line 31.
LaTeX Font Info:    Overwriting math alphabet `\mathsf' in version `normal'
(Font)                  OT1/cmss/m/n --> OT1/lmss/m/n on input line 32.
LaTeX Font Info:    Overwriting math alphabet `\mathit' in version `normal'
(Font)                  OT1/cmr/m/it --> OT1/lmr/m/it on input line 33.
LaTeX Font Info:    Overwriting math alphabet `\mathtt' in version `normal'
(Font)                  OT1/cmtt/m/n --> OT1/lmtt/m/n on input line 34.
LaTeX Font Info:    Overwriting math alphabet `\mathbf' in version `bold'
(Font)                  OT1/cmr/bx/n --> OT1/lmr/bx/n on input line 35.
LaTeX Font Info:    Overwriting math alphabet `\mathsf' in version `bold'
(Font)                  OT1/cmss/bx/n --> OT1/lmss/bx/n on input line 36.
LaTeX Font Info:    Overwriting math alphabet `\mathit' in version `bold'
(Font)                  OT1/cmr/bx/it --> OT1/lmr/bx/it on input line 37.
LaTeX Font Info:    Overwriting math alphabet `\mathtt' in version `bold'
(Font)                  OT1/cmtt/m/n --> OT1/lmtt/m/n on input line 38.
) (c:/Users/friendly/AppData/Roaming/TinyTeX/texmf-dist/tex/latex/fancyvrb/fancyvrb.sty
Package: fancyvrb 2026/04/16 4.6a verbatim text (tvz,hv)
 (c:/Users/friendly/AppData/Roaming/TinyTeX/texmf-dist/tex/latex/graphics/keyval.sty
Package: keyval 2022/05/29 v1.15 key=value parser (DPC)
\KV@toks@=\toks22
)
\FV@CodeLineNo=\count311
\FV@InFile=\read2
\FV@TabBox=\box80
\c@FancyVerbLine=\count312
\FV@StepNumber=\count313
\FV@OutFile=\write3
) (c:/Users/friendly/AppData/Roaming/TinyTeX/texmf-dist/tex/latex/framed/framed.sty
Package: framed 2011/10/22 v 0.96: framed or shaded text with page breaks
\OuterFrameSep=\skip82
\fb@frw=\dimen185
\fb@frh=\dimen186
\FrameRule=\dimen187
\FrameSep=\dimen188
) (c:/Users/friendly/AppData/Roaming/TinyTeX/texmf-dist/tex/latex/tools/longtable.sty
Package: longtable 2025-10-13 v4.24 Multi-page Table package (DPC)
\LTleft=\skip83
\LTright=\skip84
\LTpre=\skip85
\LTpost=\skip86
\LTchunksize=\count314
\LTcapwidth=\dimen189
\LT@head=\box81
\LT@firsthead=\box82
\LT@foot=\box83
\LT@lastfoot=\box84
\LT@gbox=\box85
\LT@cols=\count315
\LT@rows=\count316
\c@LT@tables=\count317
\c@LT@chunks=\count318
\LT@p@ftn=\toks23
) (c:/Users/friendly/AppData/Roaming/TinyTeX/texmf-dist/tex/latex/booktabs/booktabs.sty
Package: booktabs 2020/01/12 v1.61803398 Publication quality tables
\heavyrulewidth=\dimen190
\lightrulewidth=\dimen191
\cmidrulewidth=\dimen192
\belowrulesep=\dimen193
\belowbottomsep=\dimen194
\aboverulesep=\dimen195
\abovetopsep=\dimen196
\cmidrulesep=\dimen197
\cmidrulekern=\dimen198
\defaultaddspace=\dimen199
\@cmidla=\count319
\@cmidlb=\count320
\@aboverulesep=\dimen256
\@belowrulesep=\dimen257
\@thisruleclass=\count321
\@lastruleclass=\count322
\@thisrulewidth=\dimen258
) (c:/Users/friendly/AppData/Roaming/TinyTeX/texmf-dist/tex/latex/tools/array.sty
Package: array 2025/09/25 v2.6n Tabular extension package (FMi)
\col@sep=\dimen259
\ar@mcellbox=\box86
\extrarowheight=\dimen260
\NC@list=\toks24
\extratabsurround=\skip87
\backup@length=\skip88
\ar@cellbox=\box87
)
\c@none=\count323
 (c:/Users/friendly/AppData/Roaming/TinyTeX/texmf-dist/tex/latex/tools/calc.sty
Package: calc 2025/03/01 v4.3b Infix arithmetic (KKT,FJ)
\calc@Acount=\count324
\calc@Bcount=\count325
\calc@Adimen=\dimen261
\calc@Bdimen=\dimen262
\calc@Askip=\skip89
\calc@Bskip=\skip90
LaTeX Info: Redefining \setlength on input line 86.
LaTeX Info: Redefining \addtolength on input line 87.
\calc@Ccount=\count326
\calc@Cskip=\skip91
) (c:/Users/friendly/AppData/Roaming/TinyTeX/texmf-dist/tex/latex/etoolbox/etoolbox.sty
Package: etoolbox 2025/10/02 v2.5m e-TeX tools for LaTeX (JAW)
\etb@tempcnta=\count327
) (c:/Users/friendly/AppData/Roaming/TinyTeX/texmf-dist/tex/latex/mdwtools/footnote.sty
Package: footnote 1997/01/28 1.13 Save footnotes around boxes
\fn@notes=\box88
\fn@width=\dimen263
) (c:/Users/friendly/AppData/Roaming/TinyTeX/texmf-dist/tex/latex/graphics/graphicx.sty
Package: graphicx 2024/12/31 v1.2e Enhanced LaTeX Graphics (DPC,SPQR)
 (c:/Users/friendly/AppData/Roaming/TinyTeX/texmf-dist/tex/latex/graphics/graphics.sty
Package: graphics 2024/08/06 v1.4g Standard LaTeX Graphics (DPC,SPQR)
 (c:/Users/friendly/AppData/Roaming/TinyTeX/texmf-dist/tex/latex/graphics/trig.sty
Package: trig 2023/12/02 v1.11 sin cos tan (DPC)
) (c:/Users/friendly/AppData/Roaming/TinyTeX/texmf-dist/tex/latex/graphics-cfg/graphics.cfg
File: graphics.cfg 2016/06/04 v1.11 sample graphics configuration
)
Package graphics Info: Driver file: xetex.def on input line 106.
)
\Gin@req@height=\dimen264
\Gin@req@width=\dimen265
)
\pandoc@box=\box89
\cslhangindent=\skip92
\csllabelwidth=\skip93
 (c:/Users/friendly/AppData/Roaming/TinyTeX/texmf-dist/tex/latex/pdfpages/pdfpages.sty
Package: pdfpages 2026/03/30 v0.6h Insert pages of external PDF documents (AM)
 (c:/Users/friendly/AppData/Roaming/TinyTeX/texmf-dist/tex/latex/base/ifthen.sty
Package: ifthen 2024/03/16 v1.1e Standard LaTeX ifthen package (DPC)
) (c:/Users/friendly/AppData/Roaming/TinyTeX/texmf-dist/tex/latex/eso-pic/eso-pic.sty
Package: eso-pic 2025/12/10 v3.0d eso-pic (RN)
\ESO@tempdima=\dimen266
\ESO@tempdimb=\dimen267
)
\AM@pagewidth=\dimen268
\AM@pageheight=\dimen269
\AM@fboxrule=\dimen270
 (c:/Users/friendly/AppData/Roaming/TinyTeX/texmf-dist/tex/latex/pdfpages/ppxetex.def
File: ppxetex.def 2026/03/30 v0.6h Pdfpages driver for XeTeX (AM)
)
\pdfpages@includegraphics@status=\count328
\AM@pagebox=\box90
\AM@global@opts=\toks25
\AM@pagecnt=\count329
\AM@toc@title=\toks26
\AM@lof@heading=\toks27
\c@AM@survey=\count330
\AM@templatesizebox=\box91
) (c:/Users/friendly/AppData/Roaming/TinyTeX/texmf-dist/tex/latex/caption/caption.sty
Package: caption 2023/08/05 v3.6o Customizing captions (AR)
 (c:/Users/friendly/AppData/Roaming/TinyTeX/texmf-dist/tex/latex/caption/caption3.sty
Package: caption3 2023/07/31 v2.4d caption3 kernel (AR)
\caption@tempdima=\dimen271
\captionmargin=\dimen272
\caption@leftmargin=\dimen273
\caption@rightmargin=\dimen274
\caption@width=\dimen275
\caption@indent=\dimen276
\caption@parindent=\dimen277
\caption@hangindent=\dimen278
Package caption Info: Unknown document class (or package),
(caption)             standard defaults will be used.
Package caption Info: \@makecaption = \long macro:#1#2->\vskip \abovecaptionskip \sbox \@tempboxa {#1: #2}\ifdim \wd \@tempboxa >\hsize {\FigCapFont #1} #2\par \else \global \@minipagefalse {\FigCapFont #1} #2\par \fi \vskip \belowcaptionskip  on input line 1175.
)

Package caption Warning: Unknown document class (or package),
(caption)                standard defaults will be used.
See the caption package documentation for explanation.

\c@caption@flags=\count331
\c@continuedfloat=\count332
Package caption Info: longtable package is loaded.
(c:/Users/friendly/AppData/Roaming/TinyTeX/texmf-dist/tex/latex/caption/ltcaption.sty
Package: ltcaption 2021/01/08 v1.4c longtable captions (AR)
)) (c:/Users/friendly/AppData/Roaming/TinyTeX/texmf-dist/tex/latex/url/url.sty
\Urlmuskip=\muskip19
Package: url 2013/09/16  ver 3.4  Verb mode for urls, etc.
) (c:/Users/friendly/AppData/Roaming/TinyTeX/texmf-dist/tex/latex/tabularray/tabularray.sty
Package: tabularray 2025-11-27 v2025C Typeset tabulars and arrays with LaTeX3
 (c:/Users/friendly/AppData/Roaming/TinyTeX/texmf-dist/tex/latex/ninecolors/ninecolors.sty
Package: ninecolors 2022-02-13 v2022D Select colors with proper color contrast
)
\g__tblr_nohyper_int=\count333
\l__tblr_a_int=\count334
\l__tblr_c_int=\count335
\l__tblr_r_int=\count336
\l__tblr_d_dim=\dimen279
\l__tblr_h_dim=\dimen280
\l__tblr_o_dim=\dimen281
\l__tblr_p_dim=\dimen282
\l__tblr_q_dim=\dimen283
\l__tblr_r_dim=\dimen284
\l__tblr_s_dim=\dimen285
\l__tblr_t_dim=\dimen286
\l__tblr_v_dim=\dimen287
\l__tblr_w_dim=\dimen288
\l__tblr_a_box=\box92
\l__tblr_b_box=\box93
\l__tblr_c_box=\box94
\l__tblr_d_box=\box95
\c@tblrcount=\count337
\c@rownum=\count338
\c@colnum=\count339
\c@rowcount=\count340
\c@colcount=\count341
\abovesep=\dimen289
\belowsep=\dimen290
\leftsep=\dimen291
\rightsep=\dimen292
\gTblrLevelInt=\count342
\g__tblr_data_row_key_count_int=\count343
\g__tblr_data_column_key_count_int=\count344
\g__tblr_data_cell_key_count_int=\count345
\g__tblr_array_int=\count346
\l__tblr_key_count_int=\count347
\l__tblr_key_quotient_int=\count348
\l__tblr_key_quotient_two_int=\count349
\l__tblr_key_remainder_int=\count350
\g__tblr_data_str_value_count_int=\count351
\lTblrChildTotalInt=\count352
\lTblrChildHtotalInt=\count353
\lTblrChildVtotalInt=\count354
\l__child_diff_h_int=\count355
\l__child_diff_v_int=\count356
\l__child_sign_h_int=\count357
\l__child_sign_v_int=\count358
\l__child_step_int=\count359
\lTblrDefaultHruleWidthDim=\dimen293
\lTblrDefaultVruleWidthDim=\dimen294
\l__tblr_split_balance_int=\count360
\l__tblr_strut_dp_dim=\dimen295
\l__tblr_strut_ht_dim=\dimen296
\g__tblr_cell_wd_dim=\dimen297
\g__tblr_cell_ht_dim=\dimen298
\g__tblr_cell_head_dim=\dimen299
\g__tblr_cell_foot_dim=\dimen300
\l__tblr_measured_cell_box=\box96
\g__tblr_last_box=\box97
\l__tblr_temp_box=\box98
\l__tblr_column_target_dim=\dimen301
\l__tblr_hfuzz_dim=\dimen302
\l__tblr_caption_box=\box99
\l__tblr_caption_left_box=\box100
\lTblrRowHeadInt=\count361
\lTblrRowFootInt=\count362
\l__tblr_row_head_box=\box101
\l__tblr_row_foot_box=\box102
\l__tblr_row_head_foot_dim=\dimen303
\lTblrTableWidthDim=\dimen304
\l__tblr_table_firsthead_box=\box103
\l__tblr_table_middlehead_box=\box104
\l__tblr_table_lasthead_box=\box105
\l__tblr_table_firstfoot_box=\box106
\l__tblr_table_middlefoot_box=\box107
\l__tblr_table_lastfoot_box=\box108
\l__tblr_remain_height_dim=\dimen305
\l__tblr_next_rows_dim=\dimen306
\l__tblr_page_overfill_dim=\dimen307
\l__tblr_long_from_int=\count363
\l__tblr_long_to_int=\count364
\l__tblr_curr_i_int=\count365
\l__tblr_prev_i_int=\count366
\lTblrTablePageInt=\count367
\l__tblr_table_head_box=\box109
\l__tblr_table_foot_box=\box110
\l__tblr_table_head_foot_dim=\dimen308
\l__tblr_table_head_body_foot_dim=\dimen309
\l__tblr_table_box=\box111
\lTblrRowFirstInt=\count368
\lTblrRowLastInt=\count369
\l__tblr_cover_box_a_dim=\dimen310
\l__tblr_cover_box_b_dim=\dimen311
\l__tblr_table_hlines_box=\box112
\l__tblr_hline_box=\box113
\l__tblr_row_box=\box114
\l__tblr_col_o_wd_dim=\dimen312
\l__tblr_col_b_wd_dim=\dimen313
\l__tblr_hline_leftskip_dim=\dimen314
\l__tblr_hline_rightskip_dim=\dimen315
\l__tblr_row_ht_dim=\dimen316
\l__tblr_row_dp_dim=\dimen317
\l__tblr_row_abovesep_dim=\dimen318
\l__tblr_row_belowsep_dim=\dimen319
\l__tblr_row_vlines_box=\box115
\l__tblr_vline_box=\box116
\l__tblr_cell_box=\box117
\l__tblr_row_upper_dim=\dimen320
\l__tblr_row_lower_dim=\dimen321
\l__tblr_row_vpace_dim=\dimen322
\l__tblr_vline_aboveskip_dim=\dimen323
\l__tblr_vline_belowskip_dim=\dimen324
\lTblrCellRowSpanInt=\count370
\lTblrCellColSpanInt=\count371
\l__tblr_cell_wd_dim=\dimen325
\l__tblr_cell_ht_dim=\dimen326
\lTblrCellAboveBorderWidthDim=\dimen327
\lTblrCellBelowBorderWidthDim=\dimen328
\lTblrCellLeftBorderWidthDim=\dimen329
\lTblrCellRightBorderWidthDim=\dimen330
\l__tblr_diag_box=\box118
\l__tblr_cell_inner_wd_dim=\dimen331
\l__tblr_cell_inner_dp_dim=\dimen332
\l__tblr_cell_hanchor_dim=\dimen333
\l__tblr_last_cell_table_ht_dim=\dimen334
\l__tblr_last_cell_table_dp_dim=\dimen335
\l__tblr_last_vline_wd_dim=\dimen336
\l__tblr_tikz_node_box=\box119
) (c:/Users/friendly/AppData/Roaming/TinyTeX/texmf-dist/tex/latex/float/float.sty
Package: float 2001/11/08 v1.3d Float enhancements (AL)
\c@float@type=\count372
\float@exts=\toks28
\float@box=\box120
\@float@everytoks=\toks29
\@floatcapt=\box121
) (c:/Users/friendly/AppData/Roaming/TinyTeX/texmf-dist/tex/latex/graphics/rotating.sty
Package: rotating 2025/01/14 v2.16e rotated objects in LaTeX
\c@r@tfl@t=\count373
\rotFPtop=\skip94
\rotFPbot=\skip95
\rot@float@box=\box122
\rot@mess@toks=\toks30
) (c:/Users/friendly/AppData/Roaming/TinyTeX/texmf-dist/tex/generic/ulem/ulem.sty
\UL@box=\box123
\UL@hyphenbox=\box124
\UL@skip=\skip96
\UL@hook=\toks31
\UL@height=\dimen337
\UL@pe=\count374
\UL@pixel=\dimen338
\ULC@box=\box125
Package: ulem 2019/11/18
\ULdepth=\dimen339
) (c:/Users/friendly/AppData/Roaming/TinyTeX/texmf-dist/tex/latex/siunitx/siunitx.sty
Package: siunitx 2026-04-15 v3.5.4 A comprehensive (SI) units package
\l__siunitx_number_uncert_offset_int=\count375
\l__siunitx_number_exponent_fixed_int=\count376
\l__siunitx_number_min_decimal_int=\count377
\l__siunitx_number_min_integer_int=\count378
\l__siunitx_number_round_precision_int=\count379
\l__siunitx_number_lower_threshold_int=\count380
\l__siunitx_number_upper_threshold_int=\count381
\l__siunitx_number_group_first_int=\count382
\l__siunitx_number_group_size_int=\count383
\l__siunitx_number_group_min_int=\count384
\l__siunitx_number_group_minimum_int=\count385
\l__siunitx_compound_count_int=\count386
\l__siunitx_table_tmp_box=\box126
\l__siunitx_table_tmp_dim=\dimen340
\l__siunitx_table_column_width_dim=\dimen341
\l__siunitx_table_integer_box=\box127
\l__siunitx_table_decimal_box=\box128
\l__siunitx_table_uncert_box=\box129
\l__siunitx_table_before_box=\box130
\l__siunitx_table_after_box=\box131
\l__siunitx_table_before_dim=\dimen342
\l__siunitx_table_carry_dim=\dimen343
\l__siunitx_unit_tmp_int=\count387
\l__siunitx_unit_position_int=\count388
\l__siunitx_unit_total_int=\count389
\l__siunitx_sexagesimal_tmp_dim=\dimen344
\l__siunitx_sexagesimal_marker_box=\box132
\l__siunitx_sexagesimal_unit_box=\box133
) (c:/Users/friendly/AppData/Roaming/TinyTeX/texmf-dist/tex/latex/authorindex/authorindex.sty
Package: authorindex 2005/03/22 make index of authors cited in a work
) (./latex/indsee.tex) (c:/Users/friendly/AppData/Roaming/TinyTeX/texmf-dist/tex/latex/imakeidx/imakeidx.sty
Package: imakeidx 2016/10/15 v1.3e Package for typesetting indices in a synchronous mode
 (c:/Users/friendly/AppData/Roaming/TinyTeX/texmf-dist/tex/latex/xkeyval/xkeyval.sty
Package: xkeyval 2025/11/04 v2.10 package option processing (HA)
 (c:/Users/friendly/AppData/Roaming/TinyTeX/texmf-dist/tex/generic/xkeyval/xkeyval.tex (c:/Users/friendly/AppData/Roaming/TinyTeX/texmf-dist/tex/generic/xkeyval/xkvutils.tex
\XKV@toks=\toks32
\XKV@tempa@toks=\toks33
\XKV@tempb@toks=\toks34
)
\XKV@depth=\count390
File: xkeyval.tex 2014/12/03 v2.7a key=value parser (HA)
)) (c:/Users/friendly/AppData/Roaming/TinyTeX/texmf-dist/tex/generic/iftex/ifxetex.sty
Package: ifxetex 2019/10/25 v0.7 ifxetex legacy package. Use iftex instead.
) (c:/Users/friendly/AppData/Roaming/TinyTeX/texmf-dist/tex/generic/iftex/ifluatex.sty
Package: ifluatex 2019/10/25 v1.5 ifluatex legacy package. Use iftex instead.
) (c:/Users/friendly/AppData/Roaming/TinyTeX/texmf-dist/tex/latex/tools/multicol.sty
Package: multicol 2025/10/21 v2.0b multicolumn formatting (FMi)
\c@tracingmulticols=\count391
\mult@box=\box134
\multicol@leftmargin=\dimen345
\c@unbalance=\count392
\c@collectmore=\count393
\doublecol@number=\count394
\multicoltolerance=\count395
\multicolpretolerance=\count396
\full@width=\dimen346
\page@free=\dimen347
\premulticols=\dimen348
\postmulticols=\dimen349
\multicolsep=\skip97
\multicolbaselineskip=\skip98
\partial@page=\box135
\last@line=\box136
\mc@boxedresult=\box137
\maxbalancingoverflow=\dimen350
\mult@rightbox=\box138
\mult@grightbox=\box139
\mult@firstbox=\box140
\mult@gfirstbox=\box141
\@tempa=\box142
\@tempa=\box143
\@tempa=\box144
\@tempa=\box145
\@tempa=\box146
\@tempa=\box147
\@tempa=\box148
\@tempa=\box149
\@tempa=\box150
\@tempa=\box151
\@tempa=\box152
\@tempa=\box153
\@tempa=\box154
\@tempa=\box155
\@tempa=\box156
\@tempa=\box157
\@tempa=\box158
\@tempa=\box159
\@tempa=\box160
\@tempa=\box161
\@tempa=\box162
\@tempa=\box163
\@tempa=\box164
\@tempa=\box165
\@tempa=\box166
\@tempa=\box167
\@tempa=\box168
\@tempa=\box169
\@tempa=\box170
\@tempa=\box171
\@tempa=\box172
\@tempa=\box173
\@tempa=\box174
\@tempa=\box175
\@tempa=\box176
\@tempa=\box177
\c@minrows=\count397
\c@columnbadness=\count398
\c@finalcolumnbadness=\count399
\last@try=\dimen351
\multicolovershoot=\dimen352
\multicolundershoot=\dimen353
\mult@nat@firstbox=\box178
\colbreak@box=\box179
\mc@col@check@num=\count400
\g__mc_curr_col_int=\count401
))
\index@idxfile=\write4
\openout4 = `index.idx'.


Writing index file index.idx
(c:/Users/friendly/AppData/Roaming/TinyTeX/texmf-dist/tex/latex/amscls/amsthm.sty
Package: amsthm 2020/05/29 v2.20.6
\thm@style=\toks35
\thm@bodyfont=\toks36
\thm@headfont=\toks37
\thm@notefont=\toks38
\thm@headpunct=\toks39
\thm@preskip=\skip99
\thm@postskip=\skip100
\thm@headsep=\skip101
\dth@everypar=\toks40
) (c:/Users/friendly/AppData/Roaming/TinyTeX/texmf-dist/tex/latex/tcolorbox/tcolorbox.sty
Package: tcolorbox 2025/11/28 version 6.9.0 text color boxes
 (c:/Users/friendly/AppData/Roaming/TinyTeX/texmf-dist/tex/latex/pgf/frontendlayer/tikz.sty (c:/Users/friendly/AppData/Roaming/TinyTeX/texmf-dist/tex/latex/pgf/basiclayer/pgf.sty (c:/Users/friendly/AppData/Roaming/TinyTeX/texmf-dist/tex/latex/pgf/utilities/pgfrcs.sty (c:/Users/friendly/AppData/Roaming/TinyTeX/texmf-dist/tex/generic/pgf/utilities/pgfutil-common.tex
\pgfutil@everybye=\toks41
\pgfutil@tempdima=\dimen354
\pgfutil@tempdimb=\dimen355
) (c:/Users/friendly/AppData/Roaming/TinyTeX/texmf-dist/tex/generic/pgf/utilities/pgfutil-latex.def
\pgfutil@abb=\box180
) (c:/Users/friendly/AppData/Roaming/TinyTeX/texmf-dist/tex/generic/pgf/utilities/pgfrcs.code.tex (c:/Users/friendly/AppData/Roaming/TinyTeX/texmf-dist/tex/generic/pgf/pgf.revision.tex)
Package: pgfrcs 2025-08-29 v3.1.11a (3.1.11a)
))
Package: pgf 2025-08-29 v3.1.11a (3.1.11a)
 (c:/Users/friendly/AppData/Roaming/TinyTeX/texmf-dist/tex/latex/pgf/basiclayer/pgfcore.sty (c:/Users/friendly/AppData/Roaming/TinyTeX/texmf-dist/tex/latex/pgf/systemlayer/pgfsys.sty (c:/Users/friendly/AppData/Roaming/TinyTeX/texmf-dist/tex/generic/pgf/systemlayer/pgfsys.code.tex
Package: pgfsys 2025-08-29 v3.1.11a (3.1.11a)
 (c:/Users/friendly/AppData/Roaming/TinyTeX/texmf-dist/tex/generic/pgf/utilities/pgfkeys.code.tex
\pgfkeys@pathtoks=\toks42
\pgfkeys@temptoks=\toks43
 (c:/Users/friendly/AppData/Roaming/TinyTeX/texmf-dist/tex/generic/pgf/utilities/pgfkeyslibraryfiltered.code.tex
\pgfkeys@tmptoks=\toks44
))
\pgf@x=\dimen356
\pgf@y=\dimen357
\pgf@xa=\dimen358
\pgf@ya=\dimen359
\pgf@xb=\dimen360
\pgf@yb=\dimen361
\pgf@xc=\dimen362
\pgf@yc=\dimen363
\pgf@xd=\dimen364
\pgf@yd=\dimen365
\w@pgf@writea=\write5
\r@pgf@reada=\read3
\c@pgf@counta=\count402
\c@pgf@countb=\count403
\c@pgf@countc=\count404
\c@pgf@countd=\count405
\t@pgf@toka=\toks45
\t@pgf@tokb=\toks46
\t@pgf@tokc=\toks47
\pgf@sys@id@count=\count406
 (c:/Users/friendly/AppData/Roaming/TinyTeX/texmf-dist/tex/generic/pgf/systemlayer/pgf.cfg
File: pgf.cfg 2025-08-29 v3.1.11a (3.1.11a)
)
Driver file for pgf: pgfsys-xetex.def
 (c:/Users/friendly/AppData/Roaming/TinyTeX/texmf-dist/tex/generic/pgf/systemlayer/pgfsys-xetex.def
File: pgfsys-xetex.def 2025-08-29 v3.1.11a (3.1.11a)
 (c:/Users/friendly/AppData/Roaming/TinyTeX/texmf-dist/tex/generic/pgf/systemlayer/pgfsys-dvipdfmx.def
File: pgfsys-dvipdfmx.def 2025-08-29 v3.1.11a (3.1.11a)
 (c:/Users/friendly/AppData/Roaming/TinyTeX/texmf-dist/tex/generic/pgf/systemlayer/pgfsys-common-pdf.def
File: pgfsys-common-pdf.def 2025-08-29 v3.1.11a (3.1.11a)
)
\pgfsys@objnum=\count407
))) (c:/Users/friendly/AppData/Roaming/TinyTeX/texmf-dist/tex/generic/pgf/systemlayer/pgfsyssoftpath.code.tex
File: pgfsyssoftpath.code.tex 2025-08-29 v3.1.11a (3.1.11a)
\pgfsyssoftpath@smallbuffer@items=\count408
\pgfsyssoftpath@bigbuffer@items=\count409
) (c:/Users/friendly/AppData/Roaming/TinyTeX/texmf-dist/tex/generic/pgf/systemlayer/pgfsysprotocol.code.tex
File: pgfsysprotocol.code.tex 2025-08-29 v3.1.11a (3.1.11a)
)) (c:/Users/friendly/AppData/Roaming/TinyTeX/texmf-dist/tex/generic/pgf/basiclayer/pgfcore.code.tex
Package: pgfcore 2025-08-29 v3.1.11a (3.1.11a)
 (c:/Users/friendly/AppData/Roaming/TinyTeX/texmf-dist/tex/generic/pgf/math/pgfmath.code.tex (c:/Users/friendly/AppData/Roaming/TinyTeX/texmf-dist/tex/generic/pgf/math/pgfmathutil.code.tex) (c:/Users/friendly/AppData/Roaming/TinyTeX/texmf-dist/tex/generic/pgf/math/pgfmathparser.code.tex
\pgfmath@dimen=\dimen366
\pgfmath@count=\count410
\pgfmath@box=\box181
\pgfmath@toks=\toks48
\pgfmath@stack@operand=\toks49
\pgfmath@stack@operation=\toks50
) (c:/Users/friendly/AppData/Roaming/TinyTeX/texmf-dist/tex/generic/pgf/math/pgfmathfunctions.code.tex) (c:/Users/friendly/AppData/Roaming/TinyTeX/texmf-dist/tex/generic/pgf/math/pgfmathfunctions.basic.code.tex) (c:/Users/friendly/AppData/Roaming/TinyTeX/texmf-dist/tex/generic/pgf/math/pgfmathfunctions.trigonometric.code.tex) (c:/Users/friendly/AppData/Roaming/TinyTeX/texmf-dist/tex/generic/pgf/math/pgfmathfunctions.random.code.tex) (c:/Users/friendly/AppData/Roaming/TinyTeX/texmf-dist/tex/generic/pgf/math/pgfmathfunctions.comparison.code.tex) (c:/Users/friendly/AppData/Roaming/TinyTeX/texmf-dist/tex/generic/pgf/math/pgfmathfunctions.base.code.tex) (c:/Users/friendly/AppData/Roaming/TinyTeX/texmf-dist/tex/generic/pgf/math/pgfmathfunctions.round.code.tex) (c:/Users/friendly/AppData/Roaming/TinyTeX/texmf-dist/tex/generic/pgf/math/pgfmathfunctions.misc.code.tex) (c:/Users/friendly/AppData/Roaming/TinyTeX/texmf-dist/tex/generic/pgf/math/pgfmathfunctions.integerarithmetics.code.tex) (c:/Users/friendly/AppData/Roaming/TinyTeX/texmf-dist/tex/generic/pgf/math/pgfmathcalc.code.tex) (c:/Users/friendly/AppData/Roaming/TinyTeX/texmf-dist/tex/generic/pgf/math/pgfmathfloat.code.tex
\c@pgfmathroundto@lastzeros=\count411
)) (c:/Users/friendly/AppData/Roaming/TinyTeX/texmf-dist/tex/generic/pgf/math/pgfint.code.tex) (c:/Users/friendly/AppData/Roaming/TinyTeX/texmf-dist/tex/generic/pgf/basiclayer/pgfcorepoints.code.tex
File: pgfcorepoints.code.tex 2025-08-29 v3.1.11a (3.1.11a)
\pgf@picminx=\dimen367
\pgf@picmaxx=\dimen368
\pgf@picminy=\dimen369
\pgf@picmaxy=\dimen370
\pgf@pathminx=\dimen371
\pgf@pathmaxx=\dimen372
\pgf@pathminy=\dimen373
\pgf@pathmaxy=\dimen374
\pgf@xx=\dimen375
\pgf@xy=\dimen376
\pgf@yx=\dimen377
\pgf@yy=\dimen378
\pgf@zx=\dimen379
\pgf@zy=\dimen380
) (c:/Users/friendly/AppData/Roaming/TinyTeX/texmf-dist/tex/generic/pgf/basiclayer/pgfcorepathconstruct.code.tex
File: pgfcorepathconstruct.code.tex 2025-08-29 v3.1.11a (3.1.11a)
\pgf@path@lastx=\dimen381
\pgf@path@lasty=\dimen382
) (c:/Users/friendly/AppData/Roaming/TinyTeX/texmf-dist/tex/generic/pgf/basiclayer/pgfcorepathusage.code.tex
File: pgfcorepathusage.code.tex 2025-08-29 v3.1.11a (3.1.11a)
\pgf@shorten@end@additional=\dimen383
\pgf@shorten@start@additional=\dimen384
) (c:/Users/friendly/AppData/Roaming/TinyTeX/texmf-dist/tex/generic/pgf/basiclayer/pgfcorescopes.code.tex
File: pgfcorescopes.code.tex 2025-08-29 v3.1.11a (3.1.11a)
\pgfpic=\box182
\pgf@hbox=\box183
\pgf@layerbox@main=\box184
\pgf@picture@serial@count=\count412
) (c:/Users/friendly/AppData/Roaming/TinyTeX/texmf-dist/tex/generic/pgf/basiclayer/pgfcoregraphicstate.code.tex
File: pgfcoregraphicstate.code.tex 2025-08-29 v3.1.11a (3.1.11a)
\pgflinewidth=\dimen385
) (c:/Users/friendly/AppData/Roaming/TinyTeX/texmf-dist/tex/generic/pgf/basiclayer/pgfcoretransformations.code.tex
File: pgfcoretransformations.code.tex 2025-08-29 v3.1.11a (3.1.11a)
\pgf@pt@x=\dimen386
\pgf@pt@y=\dimen387
\pgf@pt@temp=\dimen388
) (c:/Users/friendly/AppData/Roaming/TinyTeX/texmf-dist/tex/generic/pgf/basiclayer/pgfcorequick.code.tex
File: pgfcorequick.code.tex 2025-08-29 v3.1.11a (3.1.11a)
) (c:/Users/friendly/AppData/Roaming/TinyTeX/texmf-dist/tex/generic/pgf/basiclayer/pgfcoreobjects.code.tex
File: pgfcoreobjects.code.tex 2025-08-29 v3.1.11a (3.1.11a)
) (c:/Users/friendly/AppData/Roaming/TinyTeX/texmf-dist/tex/generic/pgf/basiclayer/pgfcorepathprocessing.code.tex
File: pgfcorepathprocessing.code.tex 2025-08-29 v3.1.11a (3.1.11a)
) (c:/Users/friendly/AppData/Roaming/TinyTeX/texmf-dist/tex/generic/pgf/basiclayer/pgfcorearrows.code.tex
File: pgfcorearrows.code.tex 2025-08-29 v3.1.11a (3.1.11a)
\pgfarrowsep=\dimen389
) (c:/Users/friendly/AppData/Roaming/TinyTeX/texmf-dist/tex/generic/pgf/basiclayer/pgfcoreshade.code.tex
File: pgfcoreshade.code.tex 2025-08-29 v3.1.11a (3.1.11a)
\pgf@max=\dimen390
\pgf@sys@shading@range@num=\count413
\pgf@shadingcount=\count414
) (c:/Users/friendly/AppData/Roaming/TinyTeX/texmf-dist/tex/generic/pgf/basiclayer/pgfcoreimage.code.tex
File: pgfcoreimage.code.tex 2025-08-29 v3.1.11a (3.1.11a)
) (c:/Users/friendly/AppData/Roaming/TinyTeX/texmf-dist/tex/generic/pgf/basiclayer/pgfcoreexternal.code.tex
File: pgfcoreexternal.code.tex 2025-08-29 v3.1.11a (3.1.11a)
\pgfexternal@startupbox=\box185
) (c:/Users/friendly/AppData/Roaming/TinyTeX/texmf-dist/tex/generic/pgf/basiclayer/pgfcorelayers.code.tex
File: pgfcorelayers.code.tex 2025-08-29 v3.1.11a (3.1.11a)
) (c:/Users/friendly/AppData/Roaming/TinyTeX/texmf-dist/tex/generic/pgf/basiclayer/pgfcoretransparency.code.tex
File: pgfcoretransparency.code.tex 2025-08-29 v3.1.11a (3.1.11a)
) (c:/Users/friendly/AppData/Roaming/TinyTeX/texmf-dist/tex/generic/pgf/basiclayer/pgfcorepatterns.code.tex
File: pgfcorepatterns.code.tex 2025-08-29 v3.1.11a (3.1.11a)
) (c:/Users/friendly/AppData/Roaming/TinyTeX/texmf-dist/tex/generic/pgf/basiclayer/pgfcorerdf.code.tex
File: pgfcorerdf.code.tex 2025-08-29 v3.1.11a (3.1.11a)
))) (c:/Users/friendly/AppData/Roaming/TinyTeX/texmf-dist/tex/generic/pgf/modules/pgfmoduleshapes.code.tex
File: pgfmoduleshapes.code.tex 2025-08-29 v3.1.11a (3.1.11a)
\pgfnodeparttextbox=\box186
) (c:/Users/friendly/AppData/Roaming/TinyTeX/texmf-dist/tex/generic/pgf/modules/pgfmoduleplot.code.tex
File: pgfmoduleplot.code.tex 2025-08-29 v3.1.11a (3.1.11a)
) (c:/Users/friendly/AppData/Roaming/TinyTeX/texmf-dist/tex/latex/pgf/compatibility/pgfcomp-version-0-65.sty
Package: pgfcomp-version-0-65 2025-08-29 v3.1.11a (3.1.11a)
\pgf@nodesepstart=\dimen391
\pgf@nodesepend=\dimen392
) (c:/Users/friendly/AppData/Roaming/TinyTeX/texmf-dist/tex/latex/pgf/compatibility/pgfcomp-version-1-18.sty
Package: pgfcomp-version-1-18 2025-08-29 v3.1.11a (3.1.11a)
)) (c:/Users/friendly/AppData/Roaming/TinyTeX/texmf-dist/tex/latex/pgf/utilities/pgffor.sty (c:/Users/friendly/AppData/Roaming/TinyTeX/texmf-dist/tex/latex/pgf/utilities/pgfkeys.sty (c:/Users/friendly/AppData/Roaming/TinyTeX/texmf-dist/tex/generic/pgf/utilities/pgfkeys.code.tex)) (c:/Users/friendly/AppData/Roaming/TinyTeX/texmf-dist/tex/latex/pgf/math/pgfmath.sty (c:/Users/friendly/AppData/Roaming/TinyTeX/texmf-dist/tex/generic/pgf/math/pgfmath.code.tex)) (c:/Users/friendly/AppData/Roaming/TinyTeX/texmf-dist/tex/generic/pgf/utilities/pgffor.code.tex
Package: pgffor 2025-08-29 v3.1.11a (3.1.11a)
\pgffor@iter=\dimen393
\pgffor@skip=\dimen394
\pgffor@stack=\toks51
\pgffor@toks=\toks52
)) (c:/Users/friendly/AppData/Roaming/TinyTeX/texmf-dist/tex/generic/pgf/frontendlayer/tikz/tikz.code.tex
Package: tikz 2025-08-29 v3.1.11a (3.1.11a)
 (c:/Users/friendly/AppData/Roaming/TinyTeX/texmf-dist/tex/generic/pgf/libraries/pgflibraryplothandlers.code.tex
File: pgflibraryplothandlers.code.tex 2025-08-29 v3.1.11a (3.1.11a)
\pgf@plot@mark@count=\count415
\pgfplotmarksize=\dimen395
)
\tikz@lastx=\dimen396
\tikz@lasty=\dimen397
\tikz@lastxsaved=\dimen398
\tikz@lastysaved=\dimen399
\tikz@lastmovetox=\dimen400
\tikz@lastmovetoy=\dimen401
\tikzleveldistance=\dimen402
\tikzsiblingdistance=\dimen403
\tikz@figbox=\box187
\tikz@figbox@bg=\box188
\tikz@tempbox=\box189
\tikz@tempbox@bg=\box190
\tikztreelevel=\count416
\tikznumberofchildren=\count417
\tikznumberofcurrentchild=\count418
\tikz@fig@count=\count419
 (c:/Users/friendly/AppData/Roaming/TinyTeX/texmf-dist/tex/generic/pgf/modules/pgfmodulematrix.code.tex
File: pgfmodulematrix.code.tex 2025-08-29 v3.1.11a (3.1.11a)
\pgfmatrixcurrentrow=\count420
\pgfmatrixcurrentcolumn=\count421
\pgf@matrix@numberofcolumns=\count422
)
\tikz@expandcount=\count423
 (c:/Users/friendly/AppData/Roaming/TinyTeX/texmf-dist/tex/generic/pgf/frontendlayer/tikz/libraries/tikzlibrarytopaths.code.tex
File: tikzlibrarytopaths.code.tex 2025-08-29 v3.1.11a (3.1.11a)
))) (c:/Users/friendly/AppData/Roaming/TinyTeX/texmf-dist/tex/latex/tools/verbatim.sty
Package: verbatim 2024-01-22 v1.5x LaTeX2e package for verbatim enhancements
\every@verbatim=\toks53
\verbatim@line=\toks54
\verbatim@in@stream=\read4
) (c:/Users/friendly/AppData/Roaming/TinyTeX/texmf-dist/tex/latex/environ/environ.sty
Package: environ 2014/05/04 v0.3 A new way to define environments
 (c:/Users/friendly/AppData/Roaming/TinyTeX/texmf-dist/tex/latex/trimspaces/trimspaces.sty
Package: trimspaces 2009/09/17 v1.1 Trim spaces around a token list
))
\tcb@titlebox=\box191
\tcb@upperbox=\box192
\tcb@lowerbox=\box193
\tcb@phantombox=\box194
\c@tcbbreakpart=\count424
\c@tcblayer=\count425
\c@tcolorbox@number=\count426
\l__tcobox_tmpa_box=\box195
\l__tcobox_tmpa_dim=\dimen404
\tcb@temp=\box196
\tcb@temp=\box197
\tcb@temp=\box198
\tcb@temp=\box199
 (c:/Users/friendly/AppData/Roaming/TinyTeX/texmf-dist/tex/latex/tcolorbox/tcbskins.code.tex
Library (tcolorbox): 'tcbskins.code.tex' version '6.9.0'
(c:/Users/friendly/AppData/Roaming/TinyTeX/texmf-dist/tex/latex/tikzfill/tikzfill.image.sty
Package: tikzfill.image 2026/04/23 v1.2.0 Image filling library for TikZ
 (c:/Users/friendly/AppData/Roaming/TinyTeX/texmf-dist/tex/latex/tikzfill/tikzlibraryfill.image.code.tex
File: tikzlibraryfill.image.code.tex 2026/04/23 v1.2.0 Image filling library
\l__tikzfill_tmpa_dim=\dimen405
\l__tikzfill_tmpb_dim=\dimen406
\l__tikzfill_img_box=\box256
)) (c:/Users/friendly/AppData/Roaming/TinyTeX/texmf-dist/tex/latex/tcolorbox/tcbskinsjigsaw.code.tex
Library (tcolorbox): 'tcbskinsjigsaw.code.tex' version '6.9.0'
)) (c:/Users/friendly/AppData/Roaming/TinyTeX/texmf-dist/tex/latex/tcolorbox/tcbbreakable.code.tex
Library (tcolorbox): 'tcbbreakable.code.tex' version '6.9.0'
(c:/Users/friendly/AppData/Roaming/TinyTeX/texmf-dist/tex/latex/pdfcol/pdfcol.sty
Package: pdfcol 2022-09-21 v1.7 Handle new color stacks for pdfTeX (HO)
 (c:/Users/friendly/AppData/Roaming/TinyTeX/texmf-dist/tex/generic/ltxcmds/ltxcmds.sty
Package: ltxcmds 2023-12-04 v1.26 LaTeX kernel commands for general use (HO)
) (c:/Users/friendly/AppData/Roaming/TinyTeX/texmf-dist/tex/generic/infwarerr/infwarerr.sty
Package: infwarerr 2019/12/03 v1.5 Providing info/warning/error messages (HO)
)
Package pdfcol Info: Interface disabled because of missing PDF mode of pdfTeX.
)
Package pdfcol Info: pdfTeX's color stacks are not available.
\tcb@testbox=\box257
\tcb@totalupperbox=\box258
\tcb@totallowerbox=\box259
)) (c:/Users/friendly/AppData/Roaming/TinyTeX/texmf-dist/tex/latex/fontawesome5/fontawesome5.sty
Package: fontawesome5 2022/05/02 v5.15.4 Font Awesome 5
 (c:/Users/friendly/AppData/Roaming/TinyTeX/texmf-dist/tex/latex/fontawesome5/fontawesome5-utex-helper.sty
Package: fontawesome5-utex-helper 2022/05/02 v5.15.4 uTeX helper for fontawesome5
LaTeX Font Info:    Trying to load font information for TU+fontawesomefree on input line 69.
 (c:/Users/friendly/AppData/Roaming/TinyTeX/texmf-dist/tex/latex/fontawesome5/tufontawesomefree.fd)
LaTeX Font Info:    Trying to load font information for TU+fontawesomebrands on input line 70.
 (c:/Users/friendly/AppData/Roaming/TinyTeX/texmf-dist/tex/latex/fontawesome5/tufontawesomebrands.fd))) (c:/Users/friendly/AppData/Roaming/TinyTeX/texmf-dist/tex/latex/bookmark/bookmark.sty
Package: bookmark 2023-12-10 v1.31 PDF bookmarks (HO)
 (c:/Users/friendly/AppData/Roaming/TinyTeX/texmf-dist/tex/latex/hyperref/hyperref.sty
Package: hyperref 2026-04-24 v7.01q Hypertext links for LaTeX
 (c:/Users/friendly/AppData/Roaming/TinyTeX/texmf-dist/tex/latex/kvsetkeys/kvsetkeys.sty
Package: kvsetkeys 2022-10-05 v1.19 Key value parser (HO)
) (c:/Users/friendly/AppData/Roaming/TinyTeX/texmf-dist/tex/generic/kvdefinekeys/kvdefinekeys.sty
Package: kvdefinekeys 2019-12-19 v1.6 Define keys (HO)
) (c:/Users/friendly/AppData/Roaming/TinyTeX/texmf-dist/tex/generic/pdfescape/pdfescape.sty
Package: pdfescape 2019/12/09 v1.15 Implements pdfTeX's escape features (HO)
 (c:/Users/friendly/AppData/Roaming/TinyTeX/texmf-dist/tex/generic/pdftexcmds/pdftexcmds.sty
Package: pdftexcmds 2020-06-27 v0.33 Utility functions of pdfTeX for LuaTeX (HO)
Package pdftexcmds Info: \pdf@primitive is available.
Package pdftexcmds Info: \pdf@ifprimitive is available.
Package pdftexcmds Info: \pdfdraftmode not found.
)) (c:/Users/friendly/AppData/Roaming/TinyTeX/texmf-dist/tex/latex/hycolor/hycolor.sty
Package: hycolor 2020-01-27 v1.10 Color options for hyperref/bookmark (HO)
) (c:/Users/friendly/AppData/Roaming/TinyTeX/texmf-dist/tex/latex/hyperref/nameref.sty
Package: nameref 2026-01-29 v2.58 Cross-referencing by name of section
 (c:/Users/friendly/AppData/Roaming/TinyTeX/texmf-dist/tex/latex/refcount/refcount.sty
Package: refcount 2019/12/15 v3.6 Data extraction from label references (HO)
) (c:/Users/friendly/AppData/Roaming/TinyTeX/texmf-dist/tex/generic/gettitlestring/gettitlestring.sty
Package: gettitlestring 2019/12/15 v1.6 Cleanup title references (HO)
 (c:/Users/friendly/AppData/Roaming/TinyTeX/texmf-dist/tex/latex/kvoptions/kvoptions.sty
Package: kvoptions 2022-06-15 v3.15 Key value format for package options (HO)
))
\c@section@level=\count427
) (c:/Users/friendly/AppData/Roaming/TinyTeX/texmf-dist/tex/generic/stringenc/stringenc.sty
Package: stringenc 2019/11/29 v1.12 Convert strings between diff. encodings (HO)
)
\@linkdim=\dimen407
\Hy@linkcounter=\count428
\Hy@pagecounter=\count429
 (c:/Users/friendly/AppData/Roaming/TinyTeX/texmf-dist/tex/latex/hyperref/pd1enc.def
File: pd1enc.def 2026-04-24 v7.01q Hyperref: PDFDocEncoding definition (HO)
) (c:/Users/friendly/AppData/Roaming/TinyTeX/texmf-dist/tex/generic/intcalc/intcalc.sty
Package: intcalc 2019/12/15 v1.3 Expandable calculations with integers (HO)
)
\Hy@SavedSpaceFactor=\count430
 (c:/Users/friendly/AppData/Roaming/TinyTeX/texmf-dist/tex/latex/hyperref/puenc.def
File: puenc.def 2026-04-24 v7.01q Hyperref: PDF Unicode definition (HO)
)
Package hyperref Info: Option `unicode' set `true' on input line 4070.
Package hyperref Info: Hyper figures OFF on input line 4199.
Package hyperref Info: Link nesting OFF on input line 4204.
Package hyperref Info: Hyper index ON on input line 4207.
Package hyperref Info: Plain pages OFF on input line 4214.
Package hyperref Info: Backreferencing OFF on input line 4219.
Package hyperref Info: Implicit mode ON; LaTeX internals redefined.
Package hyperref Info: Bookmarks ON on input line 4466.
LaTeX Info: Redefining \href on input line 4716.
\c@Hy@tempcnt=\count431
LaTeX Info: Redefining \url on input line 4805.
\XeTeXLinkMargin=\dimen408
 (c:/Users/friendly/AppData/Roaming/TinyTeX/texmf-dist/tex/generic/bitset/bitset.sty
Package: bitset 2019/12/09 v1.3 Handle bit-vector datatype (HO)
 (c:/Users/friendly/AppData/Roaming/TinyTeX/texmf-dist/tex/generic/bigintcalc/bigintcalc.sty
Package: bigintcalc 2019/12/15 v1.5 Expandable calculations on big integers (HO)
))
\Fld@menulength=\count432
\Field@Width=\dimen409
\Fld@charsize=\dimen410
Package hyperref Info: Hyper figures OFF on input line 6091.
Package hyperref Info: Link nesting OFF on input line 6096.
Package hyperref Info: Hyper index ON on input line 6099.
Package hyperref Info: backreferencing OFF on input line 6106.
Package hyperref Info: Link coloring OFF on input line 6111.
Package hyperref Info: Link coloring with OCG OFF on input line 6116.
Package hyperref Info: PDF/A mode OFF on input line 6121.
\Hy@abspage=\count433
\c@Item=\count434
\c@Hfootnote=\count435
)
Package hyperref Info: Driver (autodetected): hxetex.
 (c:/Users/friendly/AppData/Roaming/TinyTeX/texmf-dist/tex/latex/hyperref/hxetex.def
File: hxetex.def 2026-04-24 v7.01q Hyperref driver for XeTeX
\pdfm@box=\box260
\c@Hy@AnnotLevel=\count436
\HyField@AnnotCount=\count437
\Fld@listcount=\count438
\c@bookmark@seq@number=\count439
 (c:/Users/friendly/AppData/Roaming/TinyTeX/texmf-dist/tex/latex/rerunfilecheck/rerunfilecheck.sty
Package: rerunfilecheck 2025-06-21 v1.11 Rerun checks for auxiliary files (HO)
 (c:/Users/friendly/AppData/Roaming/TinyTeX/texmf-dist/tex/generic/uniquecounter/uniquecounter.sty
Package: uniquecounter 2019/12/15 v1.4 Provide unlimited unique counter (HO)
)
Package uniquecounter Info: New unique counter `rerunfilecheck' on input line 284.
)
\Hy@SectionHShift=\skip102
) (c:/Users/friendly/AppData/Roaming/TinyTeX/texmf-dist/tex/latex/bookmark/bkm-dvipdfm.def
File: bkm-dvipdfm.def 2023-12-10 v1.31 bookmark driver for dvipdfm (HO)
\BKM@id=\count440
))
\@float@every@codelisting=\toks55
\c@codelisting=\count441
\c@exercise=\count442
\c@example=\count443
\c@refremark=\count444
\c@refsolution=\count445
 (c:/Users/friendly/AppData/Roaming/TinyTeX/texmf-dist/tex/latex/caption/subcaption.sty
Package: subcaption 2023/07/28 v1.6b Sub-captions (AR)
Package caption Info: New subtype `subfigure' on input line 238.
\c@subfigure=\count446
Package caption Info: New subtype `subtable' on input line 238.
\c@subtable=\count447


LaTeX Warning: Command `\thesubtable' already defined -- not changed on input line 238.

)
Package hyperref Info: Option `colorlinks' set `true' on input line 521.
 (./index.aux

LaTeX Warning: Label `exm-penguin-new' multiply defined.

)
\openout1 = `index.aux'.

LaTeX Font Info:    Checking defaults for OML/cmm/m/it on input line 534.
LaTeX Font Info:    ... okay on input line 534.
LaTeX Font Info:    Checking defaults for OMS/cmsy/m/n on input line 534.
LaTeX Font Info:    ... okay on input line 534.
LaTeX Font Info:    Checking defaults for OT1/cmr/m/n on input line 534.
LaTeX Font Info:    ... okay on input line 534.
LaTeX Font Info:    Checking defaults for T1/cmr/m/n on input line 534.
LaTeX Font Info:    ... okay on input line 534.
LaTeX Font Info:    Checking defaults for TS1/cmr/m/n on input line 534.
LaTeX Font Info:    ... okay on input line 534.
LaTeX Font Info:    Checking defaults for TU/lmr/m/n on input line 534.
LaTeX Font Info:    ... okay on input line 534.
LaTeX Font Info:    Checking defaults for OMX/cmex/m/n on input line 534.
LaTeX Font Info:    ... okay on input line 534.
LaTeX Font Info:    Checking defaults for U/cmr/m/n on input line 534.
LaTeX Font Info:    ... okay on input line 534.
LaTeX Font Info:    Checking defaults for PD1/pdf/m/n on input line 534.
LaTeX Font Info:    ... okay on input line 534.
LaTeX Font Info:    Checking defaults for PU/pdf/m/n on input line 534.
LaTeX Font Info:    ... okay on input line 534.
LaTeX Font Info:    Overwriting math alphabet `\mathrm' in version `normal'
(Font)                  OT1/lmr/m/n --> TU/lmr/m/n on input line 534.
LaTeX Font Info:    Overwriting math alphabet `\mathit' in version `normal'
(Font)                  OT1/lmr/m/it --> TU/lmr/m/it on input line 534.
LaTeX Font Info:    Overwriting math alphabet `\mathbf' in version `normal'
(Font)                  OT1/lmr/bx/n --> TU/lmr/bx/n on input line 534.
LaTeX Font Info:    Overwriting math alphabet `\mathsf' in version `normal'
(Font)                  OT1/lmss/m/n --> TU/lmss/m/n on input line 534.
LaTeX Font Info:    Overwriting math alphabet `\mathsf' in version `bold'
(Font)                  OT1/lmss/bx/n --> TU/lmss/bx/n on input line 534.
LaTeX Font Info:    Overwriting math alphabet `\mathtt' in version `normal'
(Font)                  OT1/lmtt/m/n --> TU/lmtt/m/n on input line 534.
LaTeX Font Info:    Overwriting math alphabet `\mathtt' in version `bold'
(Font)                  OT1/lmtt/m/n --> TU/lmtt/bx/n on input line 534.

Package fontspec Info: 
(fontspec)             latinmodern-math scale = 0.9999964596882403.


Package fontspec Info: 
(fontspec)             latinmodern-math scale = 0.9999964596882403.


Package fontspec Info: 
(fontspec)             latinmodern-math scale = 0.9999964596882403.


Package fontspec Info: 
(fontspec)             Font family 'latinmodern-math.otf(0)' created for font
(fontspec)             'latinmodern-math.otf' with options
(fontspec)             [Scale=MatchLowercase,BoldItalicFont={},ItalicFont={},SmallCapsFont={},Script=Math,BoldFont={latinmodern-math.otf}].
(fontspec)              
(fontspec)              This font family consists of the following NFSS
(fontspec)             series/shapes:
(fontspec)              
(fontspec)             - 'normal' (m/n) with NFSS spec.:
(fontspec)             <->s*[0.9999964596882403]"[latinmodern-math.otf]/OT:script=math;language=dflt;"
(fontspec)             - 'bold' (b/n) with NFSS spec.:
(fontspec)             <->s*[0.9999964596882403]"[latinmodern-math.otf]/OT:script=math;language=dflt;"

LaTeX Font Info:    Font shape `TU/latinmodern-math.otf(0)/m/n' will be
(Font)              scaled to size 10.0pt on input line 534.

Package fontspec Info: 
(fontspec)             latinmodern-math scale = 0.9999964596882403.


Package fontspec Info: 
(fontspec)             latinmodern-math scale = 0.9999964596882403.


Package fontspec Info: 
(fontspec)             latinmodern-math scale = 0.9999964596882403.


Package fontspec Info: 
(fontspec)             latinmodern-math scale = 0.9999964596882403.


Package fontspec Info: 
(fontspec)             latinmodern-math scale = 0.9999964596882403.


Package fontspec Info: 
(fontspec)             Font family 'latinmodern-math.otf(1)' created for font
(fontspec)             'latinmodern-math.otf' with options
(fontspec)             [Scale=MatchLowercase,BoldItalicFont={},ItalicFont={},SmallCapsFont={},Script=Math,SizeFeatures={{Size=8.5-},{Size=6-8.5,Font=latinmodern-math.otf,Style=MathScript},{Size=-6,Font=latinmodern-math.otf,Style=MathScriptScript}},BoldFont={latinmodern-math.otf}].
(fontspec)              
(fontspec)              This font family consists of the following NFSS
(fontspec)             series/shapes:
(fontspec)              
(fontspec)             - 'normal' (m/n) with NFSS spec.:
(fontspec)             <8.5->s*[0.9999964596882403]"[latinmodern-math.otf]/OT:script=math;language=dflt;"<6-8.5>s*[0.9999964596882403]"[latinmodern-math.otf]/OT:script=math;language=dflt;+ssty=0;"<-6>s*[0.9999964596882403]"[latinmodern-math.otf]/OT:script=math;language=dflt;+ssty=1;"
(fontspec)             - 'bold' (b/n) with NFSS spec.:
(fontspec)             <->s*[0.9999964596882403]"[latinmodern-math.otf]/OT:script=math;language=dflt;"

LaTeX Font Info:    Font shape `TU/latinmodern-math.otf(1)/m/n' will be
(Font)              scaled to size 10.0pt on input line 534.
LaTeX Font Info:    Encoding `OT1' has changed to `TU' for symbol font
(Font)              `operators' in the math version `normal' on input line 534.
LaTeX Font Info:    Overwriting symbol font `operators' in version `normal'
(Font)                  OT1/lmr/m/n --> TU/latinmodern-math.otf(1)/m/n on input line 534.
LaTeX Font Info:    Encoding `OT1' has changed to `TU' for symbol font
(Font)              `operators' in the math version `bold' on input line 534.
LaTeX Font Info:    Overwriting symbol font `operators' in version `bold'
(Font)                  OT1/lmr/bx/n --> TU/latinmodern-math.otf(1)/b/n on input line 534.

Package fontspec Info: 
(fontspec)             latinmodern-math scale = 0.9999964596882403.


Package fontspec Info: 
(fontspec)             latinmodern-math scale = 1.000096459334209.


Package fontspec Info: 
(fontspec)             latinmodern-math scale = 0.9999964596882403.


Package fontspec Info: 
(fontspec)             latinmodern-math scale = 1.000096459334209.


Package fontspec Info: 
(fontspec)             latinmodern-math scale = 0.9999964596882403.


Package fontspec Info: 
(fontspec)             latinmodern-math scale = 1.000096459334209.


Package fontspec Info: 
(fontspec)             latinmodern-math scale = 0.9999964596882403.


Package fontspec Info: 
(fontspec)             latinmodern-math scale = 1.000096459334209.


Package fontspec Info: 
(fontspec)             latinmodern-math scale = 0.9999964596882403.


Package fontspec Info: 
(fontspec)             latinmodern-math scale = 1.000096459334209.


Package fontspec Info: 
(fontspec)             Font family 'latinmodern-math.otf(2)' created for font
(fontspec)             'latinmodern-math.otf' with options
(fontspec)             [Scale=MatchLowercase,BoldItalicFont={},ItalicFont={},SmallCapsFont={},Script=Math,SizeFeatures={{Size=8.5-},{Size=6-8.5,Font=latinmodern-math.otf,Style=MathScript},{Size=-6,Font=latinmodern-math.otf,Style=MathScriptScript}},BoldFont={latinmodern-math.otf},ScaleAgain=1.0001,FontAdjustment={\fontdimen
(fontspec)             8\font =6.77pt\relax \fontdimen 9\font =3.94pt\relax
(fontspec)             \fontdimen 10\font =4.44pt\relax \fontdimen 11\font
(fontspec)             =6.86pt\relax \fontdimen 12\font =3.45pt\relax
(fontspec)             \fontdimen 13\font =3.63pt\relax \fontdimen 14\font
(fontspec)             =3.63pt\relax \fontdimen 15\font =2.89pt\relax
(fontspec)             \fontdimen 16\font =2.47pt\relax \fontdimen 17\font
(fontspec)             =2.47pt\relax \fontdimen 18\font =2.5pt\relax
(fontspec)             \fontdimen 19\font =2.0pt\relax \fontdimen 22\font
(fontspec)             =2.5pt\relax \fontdimen 20\font =0pt\relax \fontdimen
(fontspec)             21\font =0pt\relax }].
(fontspec)              
(fontspec)              This font family consists of the following NFSS
(fontspec)             series/shapes:
(fontspec)              
(fontspec)             - 'normal' (m/n) with NFSS spec.:
(fontspec)             <8.5->s*[1.000096459334209]"[latinmodern-math.otf]/OT:script=math;language=dflt;"<6-8.5>s*[1.000096459334209]"[latinmodern-math.otf]/OT:script=math;language=dflt;+ssty=0;"<-6>s*[1.000096459334209]"[latinmodern-math.otf]/OT:script=math;language=dflt;+ssty=1;"
(fontspec)             - 'bold' (b/n) with NFSS spec.:
(fontspec)             <->s*[1.000096459334209]"[latinmodern-math.otf]/OT:script=math;language=dflt;"

LaTeX Font Info:    Encoding `OMS' has changed to `TU' for symbol font
(Font)              `symbols' in the math version `normal' on input line 534.
LaTeX Font Info:    Overwriting symbol font `symbols' in version `normal'
(Font)                  OMS/lmsy/m/n --> TU/latinmodern-math.otf(2)/m/n on input line 534.
LaTeX Font Info:    Encoding `OMS' has changed to `TU' for symbol font
(Font)              `symbols' in the math version `bold' on input line 534.
LaTeX Font Info:    Overwriting symbol font `symbols' in version `bold'
(Font)                  OMS/lmsy/b/n --> TU/latinmodern-math.otf(2)/b/n on input line 534.

Package fontspec Info: 
(fontspec)             latinmodern-math scale = 0.9999964596882403.


Package fontspec Info: 
(fontspec)             latinmodern-math scale = 0.9998964600422715.


Package fontspec Info: 
(fontspec)             latinmodern-math scale = 0.9999964596882403.


Package fontspec Info: 
(fontspec)             latinmodern-math scale = 0.9998964600422715.


Package fontspec Info: 
(fontspec)             latinmodern-math scale = 0.9999964596882403.


Package fontspec Info: 
(fontspec)             latinmodern-math scale = 0.9998964600422715.


Package fontspec Info: 
(fontspec)             latinmodern-math scale = 0.9999964596882403.


Package fontspec Info: 
(fontspec)             latinmodern-math scale = 0.9998964600422715.


Package fontspec Info: 
(fontspec)             latinmodern-math scale = 0.9999964596882403.


Package fontspec Info: 
(fontspec)             latinmodern-math scale = 0.9998964600422715.


Package fontspec Info: 
(fontspec)             Font family 'latinmodern-math.otf(3)' created for font
(fontspec)             'latinmodern-math.otf' with options
(fontspec)             [Scale=MatchLowercase,BoldItalicFont={},ItalicFont={},SmallCapsFont={},Script=Math,SizeFeatures={{Size=8.5-},{Size=6-8.5,Font=latinmodern-math.otf,Style=MathScript},{Size=-6,Font=latinmodern-math.otf,Style=MathScriptScript}},BoldFont={latinmodern-math.otf},ScaleAgain=0.9999,FontAdjustment={\fontdimen
(fontspec)             8\font =0.4pt\relax \fontdimen 9\font =2.0pt\relax
(fontspec)             \fontdimen 10\font =1.67pt\relax \fontdimen 11\font
(fontspec)             =1.11pt\relax \fontdimen 12\font =6.0pt\relax
(fontspec)             \fontdimen 13\font =0pt\relax }].
(fontspec)              
(fontspec)              This font family consists of the following NFSS
(fontspec)             series/shapes:
(fontspec)              
(fontspec)             - 'normal' (m/n) with NFSS spec.:
(fontspec)             <8.5->s*[0.9998964600422715]"[latinmodern-math.otf]/OT:script=math;language=dflt;"<6-8.5>s*[0.9998964600422715]"[latinmodern-math.otf]/OT:script=math;language=dflt;+ssty=0;"<-6>s*[0.9998964600422715]"[latinmodern-math.otf]/OT:script=math;language=dflt;+ssty=1;"
(fontspec)             - 'bold' (b/n) with NFSS spec.:
(fontspec)             <->s*[0.9998964600422715]"[latinmodern-math.otf]/OT:script=math;language=dflt;"

LaTeX Font Info:    Encoding `OMX' has changed to `TU' for symbol font
(Font)              `largesymbols' in the math version `normal' on input line 534.
LaTeX Font Info:    Overwriting symbol font `largesymbols' in version `normal'
(Font)                  OMX/lmex/m/n --> TU/latinmodern-math.otf(3)/m/n on input line 534.
LaTeX Font Info:    Encoding `OMX' has changed to `TU' for symbol font
(Font)              `largesymbols' in the math version `bold' on input line 534.
LaTeX Font Info:    Overwriting symbol font `largesymbols' in version `bold'
(Font)                  OMX/lmex/m/n --> TU/latinmodern-math.otf(3)/b/n on input line 534.
 (c:/Users/friendly/AppData/Roaming/TinyTeX/texmf-dist/tex/latex/pdflscape/pdflscape.sty
Package: pdflscape 2025-06-23 v0.14 Display of landscape pages in PDF
 (c:/Users/friendly/AppData/Roaming/TinyTeX/texmf-dist/tex/latex/pdflscape/pdflscape-nometadata.sty
Package: pdflscape-nometadata 2025-06-23 v0.14 Display of landscape pages in PDF (HO)
 (c:/Users/friendly/AppData/Roaming/TinyTeX/texmf-dist/tex/latex/graphics/lscape.sty
Package: lscape 2020/05/28 v3.02 Landscape Pages (DPC)
)
Package pdflscape Info: Auto-detected driver: dvipdfm (xetex) on input line 98.
))
Package caption Info: Begin \AtBeginDocument code.
Package caption Info: float package is loaded.
Package caption Info: hyperref package is loaded.
Package caption Info: rotating package is loaded.
Package caption Info: End \AtBeginDocument code.
Package hyperref Info: Link coloring ON on input line 534.
File: images/cover/cover-peng-scaled.pdf Graphic file (type pdf)
<use images/cover/cover-peng-scaled.pdf>
File: images/cover/cover-peng-scaled.pdf Graphic file (type pdf)
<use images/cover/cover-peng-scaled.pdf, page 1>
File: images/cover/cover-peng-scaled.pdf Graphic file (type pdf)
<use images/cover/cover-peng-scaled.pdf, page 1>
File: images/cover/cover-peng-scaled.pdf Graphic file (type pdf)
<use images/cover/cover-peng-scaled.pdf, page 1>
File: images/cover/cover-peng-scaled.pdf Graphic file (type pdf)
<use images/cover/cover-peng-scaled.pdf, page 1>

Overfull \hbox (395.75pt too wide) has occurred while \output is active
[]
 []


Overfull \hbox (395.75pt too wide) has occurred while \output is active
[]
 []


Overfull \hbox (395.75pt too wide) has occurred while \output is active
[]
 []


Overfull \hbox (395.75pt too wide) has occurred while \output is active
[]
 []

File: images/cover/cover-peng-scaled.pdf Graphic file (type pdf)
<use images/cover/cover-peng-scaled.pdf, page 1>
[1



]
Overfull \hbox (395.75pt too wide) has occurred while \output is active
[]
 []


Overfull \hbox (395.75pt too wide) has occurred while \output is active
[]
 []


Overfull \hbox (395.75pt too wide) has occurred while \output is active
[]
 []


Overfull \hbox (395.75pt too wide) has occurred while \output is active
[]
 []

[2

]
Overfull \hbox (395.75pt too wide) has occurred while \output is active
[]
 []


Overfull \hbox (395.75pt too wide) has occurred while \output is active
[]
 []


Overfull \hbox (395.75pt too wide) has occurred while \output is active
[]
 []


Overfull \hbox (395.75pt too wide) has occurred while \output is active
[]
 []

[1]
Overfull \hbox (395.75pt too wide) has occurred while \output is active
[]
 []


Overfull \hbox (395.75pt too wide) has occurred while \output is active
[]
 []


Overfull \hbox (395.75pt too wide) has occurred while \output is active
[]
 []


Overfull \hbox (395.75pt too wide) has occurred while \output is active
[]
 []

[2

]
Overfull \hbox (395.75pt too wide) has occurred while \output is active
[]
 []


Overfull \hbox (395.75pt too wide) has occurred while \output is active
[]
 []


Overfull \hbox (395.75pt too wide) has occurred while \output is active
[]
 []


Overfull \hbox (395.75pt too wide) has occurred while \output is active
[]
 []

[3]
Overfull \hbox (395.75pt too wide) has occurred while \output is active
[]
 []


Overfull \hbox (395.75pt too wide) has occurred while \output is active
[]
 []


Overfull \hbox (395.75pt too wide) has occurred while \output is active
[]
 []


Overfull \hbox (395.75pt too wide) has occurred while \output is active
[]
 []

[4

]
Overfull \hbox (395.75pt too wide) detected at line 581
[]
 []


Overfull \hbox (395.75pt too wide) detected at line 581
[]
 []


Overfull \hbox (395.75pt too wide) detected at line 581
[]
 []


Overfull \hbox (395.75pt too wide) detected at line 581
[]
 []

(./index.toc
LaTeX Font Info:    Font shape `TU/latinmodern-math.otf(1)/m/n' will be
(Font)              scaled to size 7.0pt on input line 3.
LaTeX Font Info:    Font shape `TU/latinmodern-math.otf(1)/m/n' will be
(Font)              scaled to size 5.0pt on input line 3.
LaTeX Font Info:    Trying to load font information for OML+lmm on input line 3.
 (c:/Users/friendly/AppData/Roaming/TinyTeX/texmf-dist/tex/latex/lm/omllmm.fd
File: omllmm.fd 2015/05/01 v1.6.1 Font defs for Latin Modern
)
LaTeX Font Info:    Font shape `TU/latinmodern-math.otf(2)/m/n' will be
(Font)              scaled to size 10.00092pt on input line 3.
LaTeX Font Info:    Font shape `TU/latinmodern-math.otf(2)/m/n' will be
(Font)              scaled to size 7.00064pt on input line 3.
LaTeX Font Info:    Font shape `TU/latinmodern-math.otf(2)/m/n' will be
(Font)              scaled to size 5.00046pt on input line 3.
LaTeX Font Info:    Font shape `TU/latinmodern-math.otf(3)/m/n' will be
(Font)              scaled to size 9.99893pt on input line 3.
LaTeX Font Info:    Font shape `TU/latinmodern-math.otf(3)/m/n' will be
(Font)              scaled to size 6.99925pt on input line 3.
LaTeX Font Info:    Font shape `TU/latinmodern-math.otf(3)/m/n' will be
(Font)              scaled to size 4.99947pt on input line 3.
LaTeX Font Info:    Trying to load font information for U+msa on input line 3.
 (c:/Users/friendly/AppData/Roaming/TinyTeX/texmf-dist/tex/latex/amsfonts/umsa.fd
File: umsa.fd 2013/01/14 v3.01 AMS symbols A
)
LaTeX Font Info:    Trying to load font information for U+msb on input line 3.
 (c:/Users/friendly/AppData/Roaming/TinyTeX/texmf-dist/tex/latex/amsfonts/umsb.fd
File: umsb.fd 2013/01/14 v3.01 AMS symbols B
) [5

] [6] [7]
LaTeX Font Info:    Font shape `TU/latinmodern-math.otf(1)/b/n' will be
(Font)              scaled to size 10.0pt on input line 150.
LaTeX Font Info:    Font shape `TU/latinmodern-math.otf(1)/b/n' will be
(Font)              scaled to size 7.0pt on input line 150.
LaTeX Font Info:    Font shape `TU/latinmodern-math.otf(1)/b/n' will be
(Font)              scaled to size 5.0pt on input line 150.
LaTeX Font Info:    Font shape `TU/latinmodern-math.otf(2)/b/n' will be
(Font)              scaled to size 10.00092pt on input line 150.
LaTeX Font Info:    Font shape `TU/latinmodern-math.otf(2)/b/n' will be
(Font)              scaled to size 7.00064pt on input line 150.
LaTeX Font Info:    Font shape `TU/latinmodern-math.otf(2)/b/n' will be
(Font)              scaled to size 5.00046pt on input line 150.
LaTeX Font Info:    Font shape `TU/latinmodern-math.otf(3)/b/n' will be
(Font)              scaled to size 9.99893pt on input line 150.
LaTeX Font Info:    Font shape `TU/latinmodern-math.otf(3)/b/n' will be
(Font)              scaled to size 6.99925pt on input line 150.
LaTeX Font Info:    Font shape `TU/latinmodern-math.otf(3)/b/n' will be
(Font)              scaled to size 4.99947pt on input line 150.
 [8] [9] [10] [11] [12] [13])
\tf@toc=\write6
\openout6 = `index.toc'.

 [14]
Overfull \hbox (395.75pt too wide) detected at line 586
[]
 []


Overfull \hbox (395.75pt too wide) detected at line 586
[]
 []


Overfull \hbox (395.75pt too wide) detected at line 586
[]
 []


Overfull \hbox (395.75pt too wide) detected at line 586
[]
 []


Package hyperref Warning: bookmark level for unknown fm defaults to 0.

File: images/fig-book-parts.png Graphic file (type bmp)
<images/fig-book-parts.png>
[15


] [16]
LaTeX Font Info:    Font shape `TU/lmtt/bx/n' in size <10> not available
(Font)              Font shape `TU/lmtt/b/n' tried instead on input line 795.
 [17]
File: images/icons/books.jpg Graphic file (type bmp)
<images/icons/books.jpg>
 [18]
LaTeX Font Info:    Font shape `TU/latinmodern-math.otf(1)/m/n' will be
(Font)              scaled to size 8.0pt on input line 939.
LaTeX Font Info:    Font shape `TU/latinmodern-math.otf(1)/m/n' will be
(Font)              scaled to size 6.0pt on input line 939.
LaTeX Font Info:    Font shape `TU/latinmodern-math.otf(2)/m/n' will be
(Font)              scaled to size 8.00073pt on input line 939.
LaTeX Font Info:    Font shape `TU/latinmodern-math.otf(2)/m/n' will be
(Font)              scaled to size 6.00055pt on input line 939.
LaTeX Font Info:    Font shape `TU/latinmodern-math.otf(3)/m/n' will be
(Font)              scaled to size 7.99915pt on input line 939.
LaTeX Font Info:    Font shape `TU/latinmodern-math.otf(3)/m/n' will be
(Font)              scaled to size 5.99936pt on input line 939.
 [19]
File: images/idea-graph.png Graphic file (type bmp)
<images/idea-graph.png>
 [20] [21] [22]
Overfull \hbox (395.75pt too wide) detected at line 1162
[]
 []


Overfull \hbox (395.75pt too wide) detected at line 1162
[]
 []


Overfull \hbox (395.75pt too wide) detected at line 1162
[]
 []


Overfull \hbox (395.75pt too wide) detected at line 1162
[]
 []

File: images/MF-gray.jpg Graphic file (type bmp)
<images/MF-gray.jpg>
[1



]
Overfull \hbox (395.75pt too wide) detected at line 1206
[]
 []


Overfull \hbox (395.75pt too wide) detected at line 1206
[]
 []


Overfull \hbox (395.75pt too wide) detected at line 1206
[]
 []


Overfull \hbox (395.75pt too wide) detected at line 1206
[]
 []


Overfull \hbox (395.75pt too wide) has occurred while \output is active
[]
 []


Overfull \hbox (395.75pt too wide) has occurred while \output is active
[]
 []


Overfull \hbox (395.75pt too wide) has occurred while \output is active
[]
 []


Overfull \hbox (395.75pt too wide) has occurred while \output is active
[]
 []

[1

]
Overfull \hbox (395.75pt too wide) has occurred while \output is active
[]
 []


Overfull \hbox (395.75pt too wide) has occurred while \output is active
[]
 []


Overfull \hbox (395.75pt too wide) has occurred while \output is active
[]
 []


Overfull \hbox (395.75pt too wide) has occurred while \output is active
[]
 []

[2]
Overfull \hbox (395.75pt too wide) detected at line 1208
[]
 []


Overfull \hbox (395.75pt too wide) detected at line 1208
[]
 []


Overfull \hbox (395.75pt too wide) detected at line 1208
[]
 []


Overfull \hbox (395.75pt too wide) detected at line 1208
[]
 []

Chapter 1.
LaTeX Font Info:    Font shape `TU/lmss/m/it' in size <10> not available
(Font)              Font shape `TU/lmss/m/sl' tried instead on input line 1238.
[3


]
File: images/history/discoveries.jpg Graphic file (type bmp)
<images/history/discoveries.jpg>
 [4]
LaTeX Font Info:    Font shape `TU/lmss/bx/it' in size <10> not available
(Font)              Font shape `TU/lmss/bx/sl' tried instead on input line 1349.
 [5]
File: images/flatland-spheres.jpg Graphic file (type bmp)
<images/flatland-spheres.jpg>
 [6]
File: images/1D-4D.png Graphic file (type bmp)
<images/1D-4D.png>
File: images/tesseract-frames.png Graphic file (type bmp)
<images/tesseract-frames.png>
 [7] [8]
File: images/pollen-eureka1.png Graphic file (type bmp)
<images/pollen-eureka1.png>

Overfull \hbox (6.65663pt too wide) in paragraph at lines 1575--1580
[][] 
 []

File: images/pollen-eureka2.png Graphic file (type bmp)
<images/pollen-eureka2.png>

Overfull \hbox (6.65663pt too wide) in paragraph at lines 1585--1590
[][] 
 []

File: images/pollen-eureka4.png Graphic file (type bmp)
<images/pollen-eureka4.png>

Overfull \hbox (6.65663pt too wide) in paragraph at lines 1595--1600
[][] 
 []

File: images/pollen-eureka3.png Graphic file (type bmp)
<images/pollen-eureka3.png>

Overfull \hbox (6.65663pt too wide) in paragraph at lines 1605--1610
[][] 
 []

[9]
File: figs/ch01/fig-diabetes1-1.pdf Graphic file (type pdf)
<use figs/ch01/fig-diabetes1-1.pdf>
File: images/ReavenMiller-3d-annotated.png Graphic file (type bmp)
<images/ReavenMiller-3d-annotated.png>
 [10] [11] [12]
Overfull \hbox (395.75pt too wide) detected at line 1758
[]
 []


Overfull \hbox (395.75pt too wide) detected at line 1758
[]
 []


Overfull \hbox (395.75pt too wide) detected at line 1758
[]
 []


Overfull \hbox (395.75pt too wide) detected at line 1758
[]
 []

Chapter 2.
[13


] [14]
File: images/heatmap.png Graphic file (type bmp)
<images/heatmap.png>
 [15]
File: images/wordcloud4.png Graphic file (type bmp)
<images/wordcloud4.png>
 [16] [17]
File: images/Cover-GBE.png Graphic file (type bmp)
<images/Cover-GBE.png>
 [18] [19]
Overfull \hbox (395.75pt too wide) has occurred while \output is active
[]
 []


Overfull \hbox (395.75pt too wide) has occurred while \output is active
[]
 []


Overfull \hbox (395.75pt too wide) has occurred while \output is active
[]
 []


Overfull \hbox (395.75pt too wide) has occurred while \output is active
[]
 []

[20

]
Overfull \hbox (395.75pt too wide) detected at line 2159
[]
 []


Overfull \hbox (395.75pt too wide) detected at line 2159
[]
 []


Overfull \hbox (395.75pt too wide) detected at line 2159
[]
 []


Overfull \hbox (395.75pt too wide) detected at line 2159
[]
 []

Chapter 3.
[21

] [22]
File: images/anscombe1.png Graphic file (type bmp)
<images/anscombe1.png>
 [23] [24]
File: images/datasaurus-dozen.jpg Graphic file (type bmp)
<images/datasaurus-dozen.jpg>
 [25] [26]
File: figs/ch03/fig-davis-reg1-1.pdf Graphic file (type pdf)
<use figs/ch03/fig-davis-reg1-1.pdf>
File: figs/ch03/fig-davis-reg2-1.pdf Graphic file (type pdf)
<use figs/ch03/fig-davis-reg2-1.pdf>
 [27]
File: images/1969_draft_lottery_photo.jpg Graphic file (type bmp)
<images/1969_draft_lottery_photo.jpg>
 [28] [29]
File: figs/ch03/fig-draft-gg1-1.pdf Graphic file (type pdf)
<use figs/ch03/fig-draft-gg1-1.pdf>
 [30]
File: figs/ch03/fig-draft-gg2-1.pdf Graphic file (type pdf)
<use figs/ch03/fig-draft-gg2-1.pdf>
 [31]
LaTeX Font Info:    Font shape `TU/lmtt/bx/n' in size <8> not available
(Font)              Font shape `TU/lmtt/b/n' tried instead on input line 2842.
 [32]
File: figs/ch03/fig-draft-means-1.pdf Graphic file (type pdf)
<use figs/ch03/fig-draft-means-1.pdf>
 [33] [34]
File: figs/ch03/fig-davis-diagnostic-1.pdf Graphic file (type pdf)
<use figs/ch03/fig-davis-diagnostic-1.pdf>
 [35] [36]
Overfull \hbox (395.75pt too wide) detected at line 3141
[]
 []


Overfull \hbox (395.75pt too wide) detected at line 3141
[]
 []


Overfull \hbox (395.75pt too wide) detected at line 3141
[]
 []


Overfull \hbox (395.75pt too wide) detected at line 3141
[]
 []

[37]
Overfull \hbox (395.75pt too wide) has occurred while \output is active
[]
 []


Overfull \hbox (395.75pt too wide) has occurred while \output is active
[]
 []


Overfull \hbox (395.75pt too wide) has occurred while \output is active
[]
 []


Overfull \hbox (395.75pt too wide) has occurred while \output is active
[]
 []

[38

]
Overfull \hbox (395.75pt too wide) has occurred while \output is active
[]
 []


Overfull \hbox (395.75pt too wide) has occurred while \output is active
[]
 []


Overfull \hbox (395.75pt too wide) has occurred while \output is active
[]
 []


Overfull \hbox (395.75pt too wide) has occurred while \output is active
[]
 []

[39]
Overfull \hbox (395.75pt too wide) has occurred while \output is active
[]
 []


Overfull \hbox (395.75pt too wide) has occurred while \output is active
[]
 []


Overfull \hbox (395.75pt too wide) has occurred while \output is active
[]
 []


Overfull \hbox (395.75pt too wide) has occurred while \output is active
[]
 []

[40]
Overfull \hbox (395.75pt too wide) detected at line 3143
[]
 []


Overfull \hbox (395.75pt too wide) detected at line 3143
[]
 []


Overfull \hbox (395.75pt too wide) detected at line 3143
[]
 []


Overfull \hbox (395.75pt too wide) detected at line 3143
[]
 []

Chapter 4.
[41


] [42]
File: figs/ch04/fig-Salaries-scat-1.pdf Graphic file (type pdf)
<use figs/ch04/fig-Salaries-scat-1.pdf>
 [43]
File: figs/ch04/fig-Salaries-lm-1.pdf Graphic file (type pdf)
<use figs/ch04/fig-Salaries-lm-1.pdf>


Package hyperref Warning: Suppressing empty link on input line 3415.

[44]
File: figs/ch04/fig-Salaries-loess-1.pdf Graphic file (type pdf)
<use figs/ch04/fig-Salaries-loess-1.pdf>
 [45] [46] [47] [48]
File: figs/ch04/fig-Salaries-rank-1.pdf Graphic file (type pdf)
<use figs/ch04/fig-Salaries-rank-1.pdf>
 [49]
File: figs/ch04/fig-Salaries-discipline-1.pdf Graphic file (type pdf)
<use figs/ch04/fig-Salaries-discipline-1.pdf>
 [50]
File: figs/ch04/fig-Salaries-faceted-1.pdf Graphic file (type pdf)
<use figs/ch04/fig-Salaries-faceted-1.pdf>
 [51]
File: figs/ch04/fig-Salaries-facet-sex-1.pdf Graphic file (type pdf)
<use figs/ch04/fig-Salaries-facet-sex-1.pdf>
 [52]
File: images/mahalanobis.png Graphic file (type bmp)
<images/mahalanobis.png>
 [53] [54] [55]
File: figs/ch04/fig-ellipses-coverage-1.pdf Graphic file (type pdf)
<use figs/ch04/fig-ellipses-coverage-1.pdf>
 [56]
File: images/galton-corr.jpg Graphic file (type bmp)
<images/galton-corr.jpg>
 [57]
File: images/galton-ellipse-r.jpg Graphic file (type bmp)
<images/galton-ellipse-r.jpg>
 [58] [59]
File: figs/ch04/fig-Prestige-scatterplot-income1-1.pdf Graphic file (type pdf)
<use figs/ch04/fig-Prestige-scatterplot-income1-1.pdf>
 [60]
File: figs/ch04/fig-Prestige-scatterplot-educ1-1.pdf Graphic file (type pdf)
<use figs/ch04/fig-Prestige-scatterplot-educ1-1.pdf>
 [61]
File: figs/ch04/fig-Prestige-scatterplot-educ2-1.pdf Graphic file (type pdf)
<use figs/ch04/fig-Prestige-scatterplot-educ2-1.pdf>
 [62]
File: figs/ch04/fig-Prestige-scatterplot2-1.pdf Graphic file (type pdf)
<use figs/ch04/fig-Prestige-scatterplot2-1.pdf>
 [63]
File: figs/ch04/fig-Prestige-scatterplot3-1.pdf Graphic file (type pdf)
<use figs/ch04/fig-Prestige-scatterplot3-1.pdf>
 [64]
File: images/penguins-horst.png Graphic file (type bmp)
<images/penguins-horst.png>
 [65]
File: images/peng-colors.png Graphic file (type bmp)
<images/peng-colors.png>
 [66] [67]
File: figs/ch04/fig-peng-ggplot1-1.pdf Graphic file (type pdf)
<use figs/ch04/fig-peng-ggplot1-1.pdf>
 [68]
File: figs/ch04/fig-peng-ggplot2-1.pdf Graphic file (type pdf)
<use figs/ch04/fig-peng-ggplot2-1.pdf>
 [69]
File: figs/ch04/fig-peng-bagplot-1.pdf Graphic file (type pdf)
<use figs/ch04/fig-peng-bagplot-1.pdf>
 [70]
File: figs/ch04/fig-peng-ggdensity-1.pdf Graphic file (type pdf)
<use figs/ch04/fig-peng-ggdensity-1.pdf>
 [71]
File: images/peng-simpsons.png Graphic file (type bmp)
<images/peng-simpsons.png>
 [72] [73] [74]
File: figs/ch04/fig-galton-cqplot-1.pdf Graphic file (type pdf)
<use figs/ch04/fig-galton-cqplot-1.pdf>
 [75]
File: figs/ch04/fig-galton-outliers-1.pdf Graphic file (type pdf)
<use figs/ch04/fig-galton-outliers-1.pdf>
 [76]
File: figs/ch04/fig-peng-cqplot-1.pdf Graphic file (type pdf)
<use figs/ch04/fig-peng-cqplot-1.pdf>
 [77]
File: figs/ch04/fig-peng-ggplot-out-1.pdf Graphic file (type pdf)
<use figs/ch04/fig-peng-ggplot-out-1.pdf>
 [78] [79]
File: figs/ch04/fig-prestige-pairs-1.pdf Graphic file (type pdf)
<use figs/ch04/fig-prestige-pairs-1.pdf>
 [80]
File: figs/ch04/fig-prestige-spm1-1.pdf Graphic file (type pdf)
<use figs/ch04/fig-prestige-spm1-1.pdf>
 [81]
File: figs/ch04/fig-prestige-spm2-1.pdf Graphic file (type pdf)
<use figs/ch04/fig-prestige-spm2-1.pdf>
 [82]
File: figs/ch04/fig-peng-spm-1.pdf Graphic file (type pdf)
<use figs/ch04/fig-peng-spm-1.pdf>
 [83] [84]
File: figs/ch04/fig-crime-spm-1.pdf Graphic file (type pdf)
<use figs/ch04/fig-crime-spm-1.pdf>
File: images/corrgram-renderings.png Graphic file (type bmp)
<images/corrgram-renderings.png>
 [85] [86]
File: figs/ch04/fig-crime-corrplot-1.pdf Graphic file (type pdf)
<use figs/ch04/fig-crime-corrplot-1.pdf>
 [87]
File: figs/ch04/fig-crime-corrplot-AOE-1.pdf Graphic file (type pdf)
<use figs/ch04/fig-crime-corrplot-AOE-1.pdf>
 [88] [89]
File: figs/ch04/fig-peng-mosaic-1.pdf Graphic file (type pdf)
<use figs/ch04/fig-peng-mosaic-1.pdf>
 [90] [91]
File: figs/ch04/fig-peng-ggpairs1-1.png Graphic file (type bmp)
<figs/ch04/fig-peng-ggpairs1-1.png>
 [92] [93]
File: images/fig-peng-ggpairs7-1.png Graphic file (type bmp)
<images/fig-peng-ggpairs7-1.png>
 [94] [95] [96]
File: images/fig-peng-ggpcp1-1.png Graphic file (type bmp)
<images/fig-peng-ggpcp1-1.png>
 [97]
File: images/fig-peng-ggpcp2-1.png Graphic file (type bmp)
<images/fig-peng-ggpcp2-1.png>
 [98]
File: images/Cover-GBE.png Graphic file (type bmp)
<images/Cover-GBE.png>
File: images/projection.png Graphic file (type bmp)
<images/projection.png>
 [99] [100]
File: images/proj-combined.png Graphic file (type bmp)
<images/proj-combined.png>
 [101]
File: images/proj-vectors-labels.png Graphic file (type bmp)
<images/proj-vectors-labels.png>
 [102]
File: images/proj-P2-vec.png Graphic file (type bmp)
<images/proj-P2-vec.png>
 [103]
File: images/peng-tourr-diagram.png Graphic file (type bmp)
<images/peng-tourr-diagram.png>
 [104] [105] [106]
File: images/tours/peng-tour-demo-all.png Graphic file (type bmp)
<images/tours/peng-tour-demo-all.png>
 [107]
File: images/tours/peng-tour-grand-lbls-split/frame_00.png Graphic file (type bmp)
<images/tours/peng-tour-grand-lbls-split/frame_00.png>
File: images/tours/peng-tour-grand-lbls-split/frame_10.png Graphic file (type bmp)
<images/tours/peng-tour-grand-lbls-split/frame_10.png>
File: images/tours/peng-tour-grand-lbls-split/frame_26.png Graphic file (type bmp)
<images/tours/peng-tour-grand-lbls-split/frame_26.png>
File: images/tours/peng-tour-lda-final.png Graphic file (type bmp)
<images/tours/peng-tour-lda-final.png>
File: images/tours/peng-tour-anomalies-final.png Graphic file (type bmp)
<images/tours/peng-tour-anomalies-final.png>
 [108] [109]
File: images/big5-qgraph-rodrigues.png Graphic file (type bmp)
<images/big5-qgraph-rodrigues.png>
 [110] [111]
File: figs/ch04/fig-crime-cor-1.pdf Graphic file (type pdf)
<use figs/ch04/fig-crime-cor-1.pdf>
 